This is XeTeX, Version 3.14159265-2.6-0.999991 (TeX Live 2019) (preloaded format=xelatex 2019.10.24)  5 NOV 2019 14:28
entering extended mode
 restricted \write18 enabled.
 %&-line parsing enabled.
**"/Users/carolinekinnen/Desktop/1920_ia/1920 IA 1/19-20 IA 1 KAC Science 5.tex
"
(/Users/carolinekinnen/Desktop/1920_ia/1920 IA 1/19-20 IA 1 KAC Science 5.tex
LaTeX2e <2019-10-01> patch level 1
(/Users/carolinekinnen/Library/TinyTeX/texmf-dist/tex/latex/base/article.cls
Document Class: article 2019/08/27 v1.4j Standard LaTeX document class
(/Users/carolinekinnen/Library/TinyTeX/texmf-dist/tex/latex/base/size10.clo
File: size10.clo 2019/08/27 v1.4j Standard LaTeX file (size option)
)
\c@part=\count80
\c@section=\count81
\c@subsection=\count82
\c@subsubsection=\count83
\c@paragraph=\count84
\c@subparagraph=\count85
\c@figure=\count86
\c@table=\count87
\abovecaptionskip=\skip41
\belowcaptionskip=\skip42
\bibindent=\dimen102
) (/Users/carolinekinnen/Library/TinyTeX/texmf-dist/tex/latex/lm/lmodern.sty
Package: lmodern 2009/10/30 v1.6 Latin Modern Fonts
LaTeX Font Info:    Overwriting symbol font `operators' in version `normal'
(Font)                  OT1/cmr/m/n --> OT1/lmr/m/n on input line 22.
LaTeX Font Info:    Overwriting symbol font `letters' in version `normal'
(Font)                  OML/cmm/m/it --> OML/lmm/m/it on input line 23.
LaTeX Font Info:    Overwriting symbol font `symbols' in version `normal'
(Font)                  OMS/cmsy/m/n --> OMS/lmsy/m/n on input line 24.
LaTeX Font Info:    Overwriting symbol font `largesymbols' in version `normal'
(Font)                  OMX/cmex/m/n --> OMX/lmex/m/n on input line 25.
LaTeX Font Info:    Overwriting symbol font `operators' in version `bold'
(Font)                  OT1/cmr/bx/n --> OT1/lmr/bx/n on input line 26.
LaTeX Font Info:    Overwriting symbol font `letters' in version `bold'
(Font)                  OML/cmm/b/it --> OML/lmm/b/it on input line 27.
LaTeX Font Info:    Overwriting symbol font `symbols' in version `bold'
(Font)                  OMS/cmsy/b/n --> OMS/lmsy/b/n on input line 28.
LaTeX Font Info:    Overwriting symbol font `largesymbols' in version `bold'
(Font)                  OMX/cmex/m/n --> OMX/lmex/m/n on input line 29.
LaTeX Font Info:    Overwriting math alphabet `\mathbf' in version `normal'
(Font)                  OT1/cmr/bx/n --> OT1/lmr/bx/n on input line 31.
LaTeX Font Info:    Overwriting math alphabet `\mathsf' in version `normal'
(Font)                  OT1/cmss/m/n --> OT1/lmss/m/n on input line 32.
LaTeX Font Info:    Overwriting math alphabet `\mathit' in version `normal'
(Font)                  OT1/cmr/m/it --> OT1/lmr/m/it on input line 33.
LaTeX Font Info:    Overwriting math alphabet `\mathtt' in version `normal'
(Font)                  OT1/cmtt/m/n --> OT1/lmtt/m/n on input line 34.
LaTeX Font Info:    Overwriting math alphabet `\mathbf' in version `bold'
(Font)                  OT1/cmr/bx/n --> OT1/lmr/bx/n on input line 35.
LaTeX Font Info:    Overwriting math alphabet `\mathsf' in version `bold'
(Font)                  OT1/cmss/bx/n --> OT1/lmss/bx/n on input line 36.
LaTeX Font Info:    Overwriting math alphabet `\mathit' in version `bold'
(Font)                  OT1/cmr/bx/it --> OT1/lmr/bx/it on input line 37.
LaTeX Font Info:    Overwriting math alphabet `\mathtt' in version `bold'
(Font)                  OT1/cmtt/m/n --> OT1/lmtt/m/n on input line 38.
)
(/Users/carolinekinnen/Library/TinyTeX/texmf-dist/tex/latex/amsfonts/amssymb.st
y
Package: amssymb 2013/01/14 v3.01 AMS font symbols

(/Users/carolinekinnen/Library/TinyTeX/texmf-dist/tex/latex/amsfonts/amsfonts.s
ty
Package: amsfonts 2013/01/14 v3.01 Basic AMSFonts support
\@emptytoks=\toks14
\symAMSa=\mathgroup4
\symAMSb=\mathgroup5
LaTeX Font Info:    Redeclaring math symbol \hbar on input line 98.
LaTeX Font Info:    Overwriting math alphabet `\mathfrak' in version `bold'
(Font)                  U/euf/m/n --> U/euf/b/n on input line 106.
))
(/Users/carolinekinnen/Library/TinyTeX/texmf-dist/tex/latex/amsmath/amsmath.sty
Package: amsmath 2019/04/01 v2.17c AMS math features
\@mathmargin=\skip43
For additional information on amsmath, use the `?' option.

(/Users/carolinekinnen/Library/TinyTeX/texmf-dist/tex/latex/amsmath/amstext.sty
Package: amstext 2000/06/29 v2.01 AMS text
(/Users/carolinekinnen/Library/TinyTeX/texmf-dist/tex/latex/amsmath/amsgen.sty
File: amsgen.sty 1999/11/30 v2.0 generic functions
\@emptytoks=\toks15
\ex@=\dimen103
)) (/Users/carolinekinnen/Library/TinyTeX/texmf-dist/tex/latex/amsmath/amsbsy.s
ty
Package: amsbsy 1999/11/29 v1.2d Bold Symbols
\pmbraise@=\dimen104
) (/Users/carolinekinnen/Library/TinyTeX/texmf-dist/tex/latex/amsmath/amsopn.st
y
Package: amsopn 2016/03/08 v2.02 operator names
)
\inf@bad=\count88
LaTeX Info: Redefining \frac on input line 227.
\uproot@=\count89
\leftroot@=\count90
LaTeX Info: Redefining \overline on input line 389.
\classnum@=\count91
\DOTSCASE@=\count92
LaTeX Info: Redefining \ldots on input line 486.
LaTeX Info: Redefining \dots on input line 489.
LaTeX Info: Redefining \cdots on input line 610.
\Mathstrutbox@=\box27
\strutbox@=\box28
\big@size=\dimen105
LaTeX Font Info:    Redeclaring font encoding OML on input line 733.
LaTeX Font Info:    Redeclaring font encoding OMS on input line 734.
\macc@depth=\count93
\c@MaxMatrixCols=\count94
\dotsspace@=\muskip10
\c@parentequation=\count95
\dspbrk@lvl=\count96
\tag@help=\toks16
\row@=\count97
\column@=\count98
\maxfields@=\count99
\andhelp@=\toks17
\eqnshift@=\dimen106
\alignsep@=\dimen107
\tagshift@=\dimen108
\tagwidth@=\dimen109
\totwidth@=\dimen110
\lineht@=\dimen111
\@envbody=\toks18
\multlinegap=\skip44
\multlinetaggap=\skip45
\mathdisplay@stack=\toks19
LaTeX Info: Redefining \[ on input line 2855.
LaTeX Info: Redefining \] on input line 2856.
)
(/Users/carolinekinnen/Library/TinyTeX/texmf-dist/tex/generic/ifxetex/ifxetex.s
ty
Package: ifxetex 2010/09/12 v0.6 Provides ifxetex conditional
)
(/Users/carolinekinnen/Library/TinyTeX/texmf-dist/tex/generic/oberdiek/ifluatex
.sty
Package: ifluatex 2016/05/16 v1.4 Provides the ifluatex switch (HO)
Package ifluatex Info: LuaTeX not detected.
) (/Users/carolinekinnen/Library/TinyTeX/texmf-dist/tex/latex/base/fixltx2e.sty
Package: fixltx2e 2016/12/29 v2.1a fixes to LaTeX (obsolete)
Applying: [2015/01/01] Old fixltx2e package on input line 46.

Package fixltx2e Warning: fixltx2e is not required with releases after 2015
(fixltx2e)                All fixes are now in the LaTeX kernel.
(fixltx2e)                See the latexrelease package for details.

Already applied: [0000/00/00] Old fixltx2e package on input line 53.
)
(/Users/carolinekinnen/Library/TinyTeX/texmf-dist/tex/xelatex/mathspec/mathspec
.sty
Package: mathspec 2016/12/22 v0.2b LaTeX Package (Mathematics font selection fo
r XeLaTeX)

(/Users/carolinekinnen/Library/TinyTeX/texmf-dist/tex/latex/etoolbox/etoolbox.s
ty
Package: etoolbox 2019/09/21 v2.5h e-TeX tools for LaTeX (JAW)
\etb@tempcnta=\count100
)
(/Users/carolinekinnen/Library/TinyTeX/texmf-dist/tex/latex/fontspec/fontspec.s
ty
(/Users/carolinekinnen/Library/TinyTeX/texmf-dist/tex/latex/l3packages/xparse/x
parse.sty (/Users/carolinekinnen/Library/TinyTeX/texmf-dist/tex/latex/l3kernel/
expl3.sty
Package: expl3 2019-10-21 L3 programming layer (loader) 

(/Users/carolinekinnen/Library/TinyTeX/texmf-dist/tex/latex/l3kernel/expl3-code
.tex
Package: expl3 2019-10-21 L3 programming layer (code)
\c_max_int=\count101
\l_tmpa_int=\count102
\l_tmpb_int=\count103
\g_tmpa_int=\count104
\g_tmpb_int=\count105
\l__seq_internal_a_int=\count106
\l__seq_internal_b_int=\count107
\g__kernel_prg_map_int=\count108
\c__ior_term_noprompt_ior=\count109
\c_log_iow=\count110
\l_iow_line_count_int=\count111
\l__iow_line_target_int=\count112
\l__iow_one_indent_int=\count113
\l__iow_indent_int=\count114
\c_zero_dim=\dimen112
\c_max_dim=\dimen113
\l_tmpa_dim=\dimen114
\l_tmpb_dim=\dimen115
\g_tmpa_dim=\dimen116
\g_tmpb_dim=\dimen117
\c_zero_skip=\skip46
\c_max_skip=\skip47
\l_tmpa_skip=\skip48
\l_tmpb_skip=\skip49
\g_tmpa_skip=\skip50
\g_tmpb_skip=\skip51
\c_zero_muskip=\muskip11
\c_max_muskip=\muskip12
\l_tmpa_muskip=\muskip13
\l_tmpb_muskip=\muskip14
\g_tmpa_muskip=\muskip15
\g_tmpb_muskip=\muskip16
\l_keys_choice_int=\count115
\l__intarray_loop_int=\count116
\c__intarray_sp_dim=\dimen118
\g__intarray_font_int=\count117
\c__fp_leading_shift_int=\count118
\c__fp_middle_shift_int=\count119
\c__fp_trailing_shift_int=\count120
\c__fp_big_leading_shift_int=\count121
\c__fp_big_middle_shift_int=\count122
\c__fp_big_trailing_shift_int=\count123
\c__fp_Bigg_leading_shift_int=\count124
\c__fp_Bigg_middle_shift_int=\count125
\c__fp_Bigg_trailing_shift_int=\count126
\g__fp_array_int=\count127
\l__fp_array_loop_int=\count128
\l__sort_length_int=\count129
\l__sort_min_int=\count130
\l__sort_top_int=\count131
\l__sort_max_int=\count132
\l__sort_true_max_int=\count133
\l__sort_block_int=\count134
\l__sort_begin_int=\count135
\l__sort_end_int=\count136
\l__sort_A_int=\count137
\l__sort_B_int=\count138
\l__sort_C_int=\count139
\l__str_internal_int=\count140
\l__tl_analysis_normal_int=\count141
\l__tl_analysis_index_int=\count142
\l__tl_analysis_nesting_int=\count143
\l__tl_analysis_type_int=\count144
\l__regex_internal_a_int=\count145
\l__regex_internal_b_int=\count146
\l__regex_internal_c_int=\count147
\l__regex_balance_int=\count148
\l__regex_group_level_int=\count149
\l__regex_mode_int=\count150
\c__regex_cs_in_class_mode_int=\count151
\c__regex_cs_mode_int=\count152
\l__regex_catcodes_int=\count153
\l__regex_default_catcodes_int=\count154
\c__regex_catcode_L_int=\count155
\c__regex_catcode_O_int=\count156
\c__regex_catcode_A_int=\count157
\c__regex_all_catcodes_int=\count158
\l__regex_show_lines_int=\count159
\l__regex_min_state_int=\count160
\l__regex_max_state_int=\count161
\l__regex_left_state_int=\count162
\l__regex_right_state_int=\count163
\l__regex_capturing_group_int=\count164
\l__regex_min_pos_int=\count165
\l__regex_max_pos_int=\count166
\l__regex_curr_pos_int=\count167
\l__regex_start_pos_int=\count168
\l__regex_success_pos_int=\count169
\l__regex_curr_char_int=\count170
\l__regex_curr_catcode_int=\count171
\l__regex_last_char_int=\count172
\l__regex_case_changed_char_int=\count173
\l__regex_curr_state_int=\count174
\l__regex_step_int=\count175
\l__regex_min_active_int=\count176
\l__regex_max_active_int=\count177
\l__regex_replacement_csnames_int=\count178
\l__regex_match_count_int=\count179
\l__regex_min_submatch_int=\count180
\l__regex_submatch_int=\count181
\l__regex_zeroth_submatch_int=\count182
\g__regex_trace_regex_int=\count183
\c_empty_box=\box29
\l_tmpa_box=\box30
\l_tmpb_box=\box31
\g_tmpa_box=\box32
\g_tmpb_box=\box33
\l__box_top_dim=\dimen119
\l__box_bottom_dim=\dimen120
\l__box_left_dim=\dimen121
\l__box_right_dim=\dimen122
\l__box_top_new_dim=\dimen123
\l__box_bottom_new_dim=\dimen124
\l__box_left_new_dim=\dimen125
\l__box_right_new_dim=\dimen126
\l__box_internal_box=\box34
\l__coffin_internal_box=\box35
\l__coffin_internal_dim=\dimen127
\l__coffin_offset_x_dim=\dimen128
\l__coffin_offset_y_dim=\dimen129
\l__coffin_x_dim=\dimen130
\l__coffin_y_dim=\dimen131
\l__coffin_x_prime_dim=\dimen132
\l__coffin_y_prime_dim=\dimen133
\c_empty_coffin=\box36
\l__coffin_aligned_coffin=\box37
\l__coffin_aligned_internal_coffin=\box38
\l_tmpa_coffin=\box39
\l_tmpb_coffin=\box40
\g_tmpa_coffin=\box41
\g_tmpb_coffin=\box42
\l__coffin_bounding_shift_dim=\dimen134
\l__coffin_left_corner_dim=\dimen135
\l__coffin_right_corner_dim=\dimen136
\l__coffin_bottom_corner_dim=\dimen137
\l__coffin_top_corner_dim=\dimen138
\l__coffin_scaled_total_height_dim=\dimen139
\l__coffin_scaled_width_dim=\dimen140
\c__coffin_empty_coffin=\box43
\l__coffin_display_coffin=\box44
\l__coffin_display_coord_coffin=\box45
\l__coffin_display_pole_coffin=\box46
\l__coffin_display_offset_dim=\dimen141
\l__coffin_display_x_dim=\dimen142
\l__coffin_display_y_dim=\dimen143
\g__char_data_ior=\read1

(/Users/carolinekinnen/Library/TinyTeX/texmf-dist/tex/latex/l3kernel/l3deprecat
ion.def
File: l3deprecation.def 2019-04-06 v L3 Deprecated functions
))
(/Users/carolinekinnen/Library/TinyTeX/texmf-dist/tex/latex/l3backend/l3backend
-xdvipdfmx.def
File: l3backend-xdvipdfmx.def 2019-04-06 L3 backend support: xdvipdfmx
\g__graphics_track_int=\count184
\l__pdf_internal_box=\box47
\g__pdf_backend_object_int=\count185
\g__pdf_backend_annotation_int=\count186
))
Package: xparse 2019-10-11 L3 Experimental document command parser
\l__xparse_current_arg_int=\count187
\g__xparse_grabber_int=\count188
\l__xparse_m_args_int=\count189
\l__xparse_v_nesting_int=\count190
)
Package: fontspec 2019/10/19 v2.7d Font selection for XeLaTeX and LuaLaTeX

(/Users/carolinekinnen/Library/TinyTeX/texmf-dist/tex/latex/fontspec/fontspec-x
etex.sty
Package: fontspec-xetex 2019/10/19 v2.7d Font selection for XeLaTeX and LuaLaTe
X
\l__fontspec_script_int=\count191
\l__fontspec_language_int=\count192
\l__fontspec_strnum_int=\count193
\l__fontspec_tmp_int=\count194
\l__fontspec_tmpa_int=\count195
\l__fontspec_tmpb_int=\count196
\l__fontspec_tmpc_int=\count197
\l__fontspec_em_int=\count198
\l__fontspec_emdef_int=\count199
\l__fontspec_strong_int=\count266
\l__fontspec_strongdef_int=\count267
\l__fontspec_tmpa_dim=\dimen144
\l__fontspec_tmpb_dim=\dimen145
\l__fontspec_tmpc_dim=\dimen146
(/Users/carolinekinnen/Library/TinyTeX/texmf-dist/tex/latex/base/fontenc.sty
Package: fontenc 2018/08/11 v2.0j Standard LaTeX package
(/Users/carolinekinnen/Library/TinyTeX/texmf-dist/tex/latex/base/tuenc.def
File: tuenc.def 2018/08/11 v2.0j Standard LaTeX file
LaTeX Font Info:    Redeclaring font encoding TU on input line 82.
))
(/Users/carolinekinnen/Library/TinyTeX/texmf-dist/tex/latex/fontspec/fontspec.c
fg)
LaTeX Info: Redefining \itshape on input line 4047.
LaTeX Info: Redefining \slshape on input line 4052.
LaTeX Info: Redefining \scshape on input line 4057.
LaTeX Info: Redefining \upshape on input line 4062.
LaTeX Info: Redefining \em on input line 4092.
LaTeX Info: Redefining \emph on input line 4117.
))
(/Users/carolinekinnen/Library/TinyTeX/texmf-dist/tex/latex/xkeyval/xkeyval.sty
Package: xkeyval 2014/12/03 v2.7a package option processing (HA)

(/Users/carolinekinnen/Library/TinyTeX/texmf-dist/tex/generic/xkeyval/xkeyval.t
ex
(/Users/carolinekinnen/Library/TinyTeX/texmf-dist/tex/generic/xkeyval/xkvutils.
tex
\XKV@toks=\toks20
\XKV@tempa@toks=\toks21

(/Users/carolinekinnen/Library/TinyTeX/texmf-dist/tex/generic/xkeyval/keyval.te
x))
\XKV@depth=\count268
File: xkeyval.tex 2014/12/03 v2.7a key=value parser (HA)
))
\c@eu@=\count269
\c@eu@i=\count270
\c@mkern=\count271
)
(/Users/carolinekinnen/Library/TinyTeX/texmf-dist/tex/latex/upquote/upquote.sty
Package: upquote 2012/04/19 v1.3 upright-quote and grave-accent glyphs in verba
tim
(/Users/carolinekinnen/Library/TinyTeX/texmf-dist/tex/latex/base/textcomp.sty
Package: textcomp 2018/08/11 v2.0j Standard LaTeX package
Package textcomp Info: Sub-encoding information:
(textcomp)               5 = only ISO-Adobe without \textcurrency
(textcomp)               4 = 5 + \texteuro
(textcomp)               3 = 4 + \textohm
(textcomp)               2 = 3 + \textestimated + \textcurrency
(textcomp)               1 = TS1 - \textcircled - \t
(textcomp)               0 = TS1 (full)
(textcomp)             Font families with sub-encoding setting implement
(textcomp)             only a restricted character set as indicated.
(textcomp)             Family '?' is the default used for unknown fonts.
(textcomp)             See the documentation for details.
Package textcomp Info: Setting ? sub-encoding to TS1/1 on input line 79.
(/Users/carolinekinnen/Library/TinyTeX/texmf-dist/tex/latex/base/ts1enc.def
File: ts1enc.def 2001/06/05 v3.0e (jk/car/fm) Standard LaTeX file
)
LaTeX Info: Redefining \oldstylenums on input line 334.
Package textcomp Info: Setting cmr sub-encoding to TS1/0 on input line 349.
Package textcomp Info: Setting cmss sub-encoding to TS1/0 on input line 350.
Package textcomp Info: Setting cmtt sub-encoding to TS1/0 on input line 351.
Package textcomp Info: Setting cmvtt sub-encoding to TS1/0 on input line 352.
Package textcomp Info: Setting cmbr sub-encoding to TS1/0 on input line 353.
Package textcomp Info: Setting cmtl sub-encoding to TS1/0 on input line 354.
Package textcomp Info: Setting ccr sub-encoding to TS1/0 on input line 355.
Package textcomp Info: Setting ptm sub-encoding to TS1/4 on input line 356.
Package textcomp Info: Setting pcr sub-encoding to TS1/4 on input line 357.
Package textcomp Info: Setting phv sub-encoding to TS1/4 on input line 358.
Package textcomp Info: Setting ppl sub-encoding to TS1/3 on input line 359.
Package textcomp Info: Setting pag sub-encoding to TS1/4 on input line 360.
Package textcomp Info: Setting pbk sub-encoding to TS1/4 on input line 361.
Package textcomp Info: Setting pnc sub-encoding to TS1/4 on input line 362.
Package textcomp Info: Setting pzc sub-encoding to TS1/4 on input line 363.
Package textcomp Info: Setting bch sub-encoding to TS1/4 on input line 364.
Package textcomp Info: Setting put sub-encoding to TS1/5 on input line 365.
Package textcomp Info: Setting uag sub-encoding to TS1/5 on input line 366.
Package textcomp Info: Setting ugq sub-encoding to TS1/5 on input line 367.
Package textcomp Info: Setting ul8 sub-encoding to TS1/4 on input line 368.
Package textcomp Info: Setting ul9 sub-encoding to TS1/4 on input line 369.
Package textcomp Info: Setting augie sub-encoding to TS1/5 on input line 370.
Package textcomp Info: Setting dayrom sub-encoding to TS1/3 on input line 371.
Package textcomp Info: Setting dayroms sub-encoding to TS1/3 on input line 372.

Package textcomp Info: Setting pxr sub-encoding to TS1/0 on input line 373.
Package textcomp Info: Setting pxss sub-encoding to TS1/0 on input line 374.
Package textcomp Info: Setting pxtt sub-encoding to TS1/0 on input line 375.
Package textcomp Info: Setting txr sub-encoding to TS1/0 on input line 376.
Package textcomp Info: Setting txss sub-encoding to TS1/0 on input line 377.
Package textcomp Info: Setting txtt sub-encoding to TS1/0 on input line 378.
Package textcomp Info: Setting lmr sub-encoding to TS1/0 on input line 379.
Package textcomp Info: Setting lmdh sub-encoding to TS1/0 on input line 380.
Package textcomp Info: Setting lmss sub-encoding to TS1/0 on input line 381.
Package textcomp Info: Setting lmssq sub-encoding to TS1/0 on input line 382.
Package textcomp Info: Setting lmvtt sub-encoding to TS1/0 on input line 383.
Package textcomp Info: Setting lmtt sub-encoding to TS1/0 on input line 384.
Package textcomp Info: Setting qhv sub-encoding to TS1/0 on input line 385.
Package textcomp Info: Setting qag sub-encoding to TS1/0 on input line 386.
Package textcomp Info: Setting qbk sub-encoding to TS1/0 on input line 387.
Package textcomp Info: Setting qcr sub-encoding to TS1/0 on input line 388.
Package textcomp Info: Setting qcs sub-encoding to TS1/0 on input line 389.
Package textcomp Info: Setting qpl sub-encoding to TS1/0 on input line 390.
Package textcomp Info: Setting qtm sub-encoding to TS1/0 on input line 391.
Package textcomp Info: Setting qzc sub-encoding to TS1/0 on input line 392.
Package textcomp Info: Setting qhvc sub-encoding to TS1/0 on input line 393.
Package textcomp Info: Setting futs sub-encoding to TS1/4 on input line 394.
Package textcomp Info: Setting futx sub-encoding to TS1/4 on input line 395.
Package textcomp Info: Setting futj sub-encoding to TS1/4 on input line 396.
Package textcomp Info: Setting hlh sub-encoding to TS1/3 on input line 397.
Package textcomp Info: Setting hls sub-encoding to TS1/3 on input line 398.
Package textcomp Info: Setting hlst sub-encoding to TS1/3 on input line 399.
Package textcomp Info: Setting hlct sub-encoding to TS1/5 on input line 400.
Package textcomp Info: Setting hlx sub-encoding to TS1/5 on input line 401.
Package textcomp Info: Setting hlce sub-encoding to TS1/5 on input line 402.
Package textcomp Info: Setting hlcn sub-encoding to TS1/5 on input line 403.
Package textcomp Info: Setting hlcw sub-encoding to TS1/5 on input line 404.
Package textcomp Info: Setting hlcf sub-encoding to TS1/5 on input line 405.
Package textcomp Info: Setting pplx sub-encoding to TS1/3 on input line 406.
Package textcomp Info: Setting pplj sub-encoding to TS1/3 on input line 407.
Package textcomp Info: Setting ptmx sub-encoding to TS1/4 on input line 408.
Package textcomp Info: Setting ptmj sub-encoding to TS1/4 on input line 409.
))
(/Users/carolinekinnen/Library/TinyTeX/texmf-dist/tex/latex/geometry/geometry.s
ty
Package: geometry 2018/04/16 v5.8 Page Geometry

(/Users/carolinekinnen/Library/TinyTeX/texmf-dist/tex/generic/oberdiek/ifpdf.st
y
Package: ifpdf 2018/09/07 v3.3 Provides the ifpdf switch
)
(/Users/carolinekinnen/Library/TinyTeX/texmf-dist/tex/generic/oberdiek/ifvtex.s
ty
Package: ifvtex 2016/05/16 v1.6 Detect VTeX and its facilities (HO)
Package ifvtex Info: VTeX not detected.
)
\Gm@cnth=\count272
\Gm@cntv=\count273
\c@Gm@tempcnt=\count274
\Gm@bindingoffset=\dimen147
\Gm@wd@mp=\dimen148
\Gm@odd@mp=\dimen149
\Gm@even@mp=\dimen150
\Gm@layoutwidth=\dimen151
\Gm@layoutheight=\dimen152
\Gm@layouthoffset=\dimen153
\Gm@layoutvoffset=\dimen154
\Gm@dimlist=\toks22
)
(/Users/carolinekinnen/Library/TinyTeX/texmf-dist/tex/latex/hyperref/hyperref.s
ty
Package: hyperref 2019/09/28 v7.00a Hypertext links for LaTeX

(/Users/carolinekinnen/Library/TinyTeX/texmf-dist/tex/generic/oberdiek/hobsub-h
yperref.sty
Package: hobsub-hyperref 2016/05/16 v1.14 Bundle oberdiek, subset hyperref (HO)


(/Users/carolinekinnen/Library/TinyTeX/texmf-dist/tex/generic/oberdiek/hobsub-g
eneric.sty
Package: hobsub-generic 2016/05/16 v1.14 Bundle oberdiek, subset generic (HO)
Package: hobsub 2016/05/16 v1.14 Construct package bundles (HO)
Package: infwarerr 2016/05/16 v1.4 Providing info/warning/error messages (HO)
Package: ltxcmds 2016/05/16 v1.23 LaTeX kernel commands for general use (HO)
Package hobsub Info: Skipping package `ifluatex' (already loaded).
Package hobsub Info: Skipping package `ifvtex' (already loaded).
Package: intcalc 2016/05/16 v1.2 Expandable calculations with integers (HO)
Package hobsub Info: Skipping package `ifpdf' (already loaded).
Package: etexcmds 2016/05/16 v1.6 Avoid name clashes with e-TeX commands (HO)
Package: kvsetkeys 2016/05/16 v1.17 Key value parser (HO)
Package: kvdefinekeys 2016/05/16 v1.4 Define keys (HO)
Package: pdftexcmds 2019/07/25 v0.30 Utility functions of pdfTeX for LuaTeX (HO
)
Package pdftexcmds Info: LuaTeX not detected.
Package pdftexcmds Info: pdfTeX >= 1.30 not detected.
Package pdftexcmds Info: \pdf@primitive is available.
Package pdftexcmds Info: \pdf@ifprimitive is available.
Package pdftexcmds Info: \pdfdraftmode not found.
Package: pdfescape 2016/05/16 v1.14 Implements pdfTeX's escape features (HO)
Package: bigintcalc 2016/05/16 v1.4 Expandable calculations on big integers (HO
)
Package: bitset 2016/05/16 v1.2 Handle bit-vector datatype (HO)
Package: uniquecounter 2016/05/16 v1.3 Provide unlimited unique counter (HO)
)
Package hobsub Info: Skipping package `hobsub' (already loaded).
Package: letltxmacro 2016/05/16 v1.5 Let assignment for LaTeX macros (HO)
Package: hopatch 2016/05/16 v1.3 Wrapper for package hooks (HO)
Package: xcolor-patch 2016/05/16 xcolor patch
Package: atveryend 2016/05/16 v1.9 Hooks at the very end of document (HO)
Package: atbegshi 2016/06/09 v1.18 At begin shipout hook (HO)
Package: refcount 2016/05/16 v3.5 Data extraction from label references (HO)
Package: hycolor 2016/05/16 v1.8 Color options for hyperref/bookmark (HO)
)
(/Users/carolinekinnen/Library/TinyTeX/texmf-dist/tex/latex/oberdiek/auxhook.st
y
Package: auxhook 2016/05/16 v1.4 Hooks for auxiliary files (HO)
)
(/Users/carolinekinnen/Library/TinyTeX/texmf-dist/tex/latex/oberdiek/kvoptions.
sty
Package: kvoptions 2016/05/16 v3.12 Key value format for package options (HO)
)
\@linkdim=\dimen155
\Hy@linkcounter=\count275
\Hy@pagecounter=\count276

(/Users/carolinekinnen/Library/TinyTeX/texmf-dist/tex/latex/hyperref/pd1enc.def
File: pd1enc.def 2019/09/28 v7.00a Hyperref: PDFDocEncoding definition (HO)
)
\Hy@SavedSpaceFactor=\count277

(/Users/carolinekinnen/Library/TinyTeX/texmf-dist/tex/latex/latexconfig/hyperre
f.cfg
File: hyperref.cfg 2002/06/06 v1.2 hyperref configuration of TeXLive
)
Package hyperref Info: Hyper figures OFF on input line 4540.
Package hyperref Info: Link nesting OFF on input line 4545.
Package hyperref Info: Hyper index ON on input line 4548.
Package hyperref Info: Plain pages OFF on input line 4555.
Package hyperref Info: Backreferencing OFF on input line 4560.
Package hyperref Info: Implicit mode ON; LaTeX internals redefined.
Package hyperref Info: Bookmarks ON on input line 4793.
\c@Hy@tempcnt=\count278
(/Users/carolinekinnen/Library/TinyTeX/texmf-dist/tex/latex/url/url.sty
\Urlmuskip=\muskip17
Package: url 2013/09/16  ver 3.4  Verb mode for urls, etc.
)
LaTeX Info: Redefining \url on input line 5152.
\XeTeXLinkMargin=\dimen156
\Fld@menulength=\count279
\Field@Width=\dimen157
\Fld@charsize=\dimen158
Package hyperref Info: Hyper figures OFF on input line 6423.
Package hyperref Info: Link nesting OFF on input line 6428.
Package hyperref Info: Hyper index ON on input line 6431.
Package hyperref Info: backreferencing OFF on input line 6438.
Package hyperref Info: Link coloring OFF on input line 6443.
Package hyperref Info: Link coloring with OCG OFF on input line 6448.
Package hyperref Info: PDF/A mode OFF on input line 6453.
LaTeX Info: Redefining \ref on input line 6493.
LaTeX Info: Redefining \pageref on input line 6497.
\Hy@abspage=\count280
\c@Item=\count281
\c@Hfootnote=\count282
)
Package hyperref Info: Driver (autodetected): hxetex.

(/Users/carolinekinnen/Library/TinyTeX/texmf-dist/tex/latex/hyperref/hxetex.def
File: hxetex.def 2019/09/28 v7.00a Hyperref driver for XeTeX
(/Users/carolinekinnen/Library/TinyTeX/texmf-dist/tex/latex/hyperref/puenc.def
File: puenc.def 2019/09/28 v7.00a Hyperref: PDF Unicode definition (HO)
)
(/Users/carolinekinnen/Library/TinyTeX/texmf-dist/tex/generic/oberdiek/stringen
c.sty
Package: stringenc 2016/05/16 v1.11 Convert strings between diff. encodings (HO
)
)
\pdfm@box=\box48
\c@Hy@AnnotLevel=\count283
\HyField@AnnotCount=\count284
\Fld@listcount=\count285
\c@bookmark@seq@number=\count286

(/Users/carolinekinnen/Library/TinyTeX/texmf-dist/tex/latex/oberdiek/rerunfilec
heck.sty
Package: rerunfilecheck 2016/05/16 v1.8 Rerun checks for auxiliary files (HO)
Package uniquecounter Info: New unique counter `rerunfilecheck' on input line 2
82.
)
\Hy@SectionHShift=\skip52
)
Package hyperref Info: Option `unicode' set `true' on input line 29.

(/Users/carolinekinnen/Library/TinyTeX/texmf-dist/tex/generic/oberdiek/se-ascii
-print.def
File: se-ascii-print.def 2016/05/16 v1.11 stringenc: Printable ASCII characters

)
Package hyperref Info: Option `breaklinks' set `true' on input line 29.

(/Users/carolinekinnen/Library/TinyTeX/texmf-dist/tex/latex/graphics/graphicx.s
ty
Package: graphicx 2017/06/01 v1.1a Enhanced LaTeX Graphics (DPC,SPQR)

(/Users/carolinekinnen/Library/TinyTeX/texmf-dist/tex/latex/graphics/graphics.s
ty
Package: graphics 2019/10/08 v1.3c Standard LaTeX Graphics (DPC,SPQR)
(/Users/carolinekinnen/Library/TinyTeX/texmf-dist/tex/latex/graphics/trig.sty
Package: trig 2016/01/03 v1.10 sin cos tan (DPC)
)
(/Users/carolinekinnen/Library/TinyTeX/texmf-dist/tex/latex/graphics-cfg/graphi
cs.cfg
File: graphics.cfg 2016/06/04 v1.11 sample graphics configuration
)
Package graphics Info: Driver file: xetex.def on input line 105.

(/Users/carolinekinnen/Library/TinyTeX/texmf-dist/tex/latex/graphics-def/xetex.
def
File: xetex.def 2017/06/24 v5.0h Graphics/color driver for xetex
))
\Gin@req@height=\dimen159
\Gin@req@width=\dimen160
)
(/Users/carolinekinnen/Library/TinyTeX/texmf-dist/tex/latex/oberdiek/grffile.st
y
Package: grffile 2017/06/30 v1.18 Extended file name support for graphics (HO)
Package grffile Info: Option `multidot' is set to `true'.
Package grffile Info: Option `extendedchars' is set to `false'.
Package grffile Info: Option `space' is set to `true'.
Package grffile Info: \Gin@ii of package `graphicx' fixed on input line 494.
)
(/Users/carolinekinnen/Library/TinyTeX/texmf-dist/tex/latex/titling/titling.sty
Package: titling 2009/09/04 v2.1d maketitle typesetting
\thanksmarkwidth=\skip53
\thanksmargin=\skip54
\droptitle=\skip55
)
(/Users/carolinekinnen/Library/TinyTeX/texmf-dist/tex/latex/fancyhdr/fancyhdr.s
ty
Package: fancyhdr 2019/01/31 v3.10 Extensive control of page headers and footer
s
\f@nch@headwidth=\skip56
\f@nch@O@elh=\skip57
\f@nch@O@erh=\skip58
\f@nch@O@olh=\skip59
\f@nch@O@orh=\skip60
\f@nch@O@elf=\skip61
\f@nch@O@erf=\skip62
\f@nch@O@olf=\skip63
\f@nch@O@orf=\skip64
)
(/Users/carolinekinnen/Library/TinyTeX/texmf-dist/tex/latex/eurosym/eurosym.sty
Package: eurosym 1998/08/06 v1.1 European currency symbol ``Euro''
\@eurobox=\box49
)
(/Users/carolinekinnen/Library/TinyTeX/texmf-dist/tex/latex/booktabs/booktabs.s
ty
Package: booktabs 2019/10/08 v1.6180339 publication quality tables
\heavyrulewidth=\dimen161
\lightrulewidth=\dimen162
\cmidrulewidth=\dimen163
\belowrulesep=\dimen164
\belowbottomsep=\dimen165
\aboverulesep=\dimen166
\abovetopsep=\dimen167
\cmidrulesep=\dimen168
\cmidrulekern=\dimen169
\defaultaddspace=\dimen170
\@cmidla=\count287
\@cmidlb=\count288
\@aboverulesep=\dimen171
\@belowrulesep=\dimen172
\@thisruleclass=\count289
\@lastruleclass=\count290
\@thisrulewidth=\dimen173
) (/Users/carolinekinnen/Library/TinyTeX/texmf-dist/tex/latex/xcolor/xcolor.sty
Package: xcolor 2016/05/11 v2.12 LaTeX color extensions (UK)

(/Users/carolinekinnen/Library/TinyTeX/texmf-dist/tex/latex/graphics-cfg/color.
cfg
File: color.cfg 2016/01/02 v1.6 sample color configuration
)
Package xcolor Info: Driver file: xetex.def on input line 225.
Package xcolor Info: Model `cmy' substituted by `cmy0' on input line 1348.
Package xcolor Info: Model `RGB' extended on input line 1364.
Package xcolor Info: Model `HTML' substituted by `rgb' on input line 1366.
Package xcolor Info: Model `Hsb' substituted by `hsb' on input line 1367.
Package xcolor Info: Model `tHsb' substituted by `hsb' on input line 1368.
Package xcolor Info: Model `HSB' substituted by `hsb' on input line 1369.
Package xcolor Info: Model `Gray' substituted by `gray' on input line 1370.
Package xcolor Info: Model `wave' substituted by `hsb' on input line 1371.
)

Package Fancyhdr Warning: \fancyfoot's `E' option without twoside option is use
less on input line 90.


(/Users/carolinekinnen/Library/TinyTeX/texmf-dist/tex/latex/oberdiek/pdflscape.
sty
Package: pdflscape 2016/05/14 v0.11 Display of landscape pages in PDF (HO)

(/Users/carolinekinnen/Library/TinyTeX/texmf-dist/tex/latex/graphics/lscape.sty
Package: lscape 2000/10/22 v3.01 Landscape Pages (DPC)
)
Package pdflscape Info: Auto-detected driver: dvipdfm (xetex) on input line 99.

) (/Users/carolinekinnen/Library/TinyTeX/texmf-dist/tex/latex/lato/lato.sty
Package: lato 2019/06/20 Style file for Lato.

(/Users/carolinekinnen/Library/TinyTeX/texmf-dist/tex/latex/fontaxes/fontaxes.s
ty
Package: fontaxes 2014/03/23 v1.0d Font selection axes
LaTeX Info: Redefining \upshape on input line 29.
LaTeX Info: Redefining \itshape on input line 31.
LaTeX Info: Redefining \slshape on input line 33.
LaTeX Info: Redefining \scshape on input line 37.
)
Requested font "[Lato-Regular.ttf]/OT" at 9.99997pt
 -> /Users/carolinekinnen/Library/TinyTeX/texmf-dist/fonts/truetype/typoland/la
to/Lato-Regular.ttf
Requested font "[Lato-Regular.ttf]/OT" at 10.0pt
 -> /Users/carolinekinnen/Library/TinyTeX/texmf-dist/fonts/truetype/typoland/la
to/Lato-Regular.ttf

Package fontspec Info: Lato-Regular scale = 0.8509369163101765.

Requested font "[Lato-Hairline.ttf]/OT" at 10.0pt
 -> /Users/carolinekinnen/Library/TinyTeX/texmf-dist/fonts/truetype/typoland/la
to/Lato-Hairline.ttf

Package fontspec Info: Lato-Hairline scale = 0.8795924341224317.

Requested font "[Lato-HairlineItalic.ttf]/OT" at 10.0pt
 -> /Users/carolinekinnen/Library/TinyTeX/texmf-dist/fonts/truetype/typoland/la
to/Lato-HairlineItalic.ttf

Package fontspec Info: Lato-HairlineItalic scale = 0.8795924341224317.

Requested font "[Lato-Thin.ttf]/OT" at 10.0pt
 -> /Users/carolinekinnen/Library/TinyTeX/texmf-dist/fonts/truetype/typoland/la
to/Lato-Thin.ttf

Package fontspec Info: Lato-Thin scale = 0.8742401545070754.

Requested font "[Lato-ThinItalic.ttf]/OT" at 10.0pt
 -> /Users/carolinekinnen/Library/TinyTeX/texmf-dist/fonts/truetype/typoland/la
to/Lato-ThinItalic.ttf

Package fontspec Info: Lato-ThinItalic scale = 0.8742401545070754.

Requested font "[Lato-Light.ttf]/OT" at 10.0pt
 -> /Users/carolinekinnen/Library/TinyTeX/texmf-dist/fonts/truetype/typoland/la
to/Lato-Light.ttf

Package fontspec Info: Lato-Light scale = 0.8663301047104361.

Requested font "[Lato-LightItalic.ttf]/OT" at 10.0pt
 -> /Users/carolinekinnen/Library/TinyTeX/texmf-dist/fonts/truetype/typoland/la
to/Lato-LightItalic.ttf

Package fontspec Info: Lato-LightItalic scale = 0.8663301047104361.

Requested font "[Lato-Medium.ttf]/OT" at 10.0pt
 -> /Users/carolinekinnen/Library/TinyTeX/texmf-dist/fonts/truetype/typoland/la
to/Lato-Medium.ttf

Package fontspec Info: Lato-Medium scale = 0.848424410449263.

Requested font "[Lato-MediumItalic.ttf]/OT" at 10.0pt
 -> /Users/carolinekinnen/Library/TinyTeX/texmf-dist/fonts/truetype/typoland/la
to/Lato-MediumItalic.ttf

Package fontspec Info: Lato-MediumItalic scale = 0.848424410449263.

Requested font "[Lato-Semibold.ttf]/OT" at 10.0pt
 -> /Users/carolinekinnen/Library/TinyTeX/texmf-dist/fonts/truetype/typoland/la
to/Lato-Semibold.ttf

Package fontspec Info: Lato-Semibold scale = 0.8450965491242662.

Requested font "[Lato-SemiboldItalic.ttf]/OT" at 10.0pt
 -> /Users/carolinekinnen/Library/TinyTeX/texmf-dist/fonts/truetype/typoland/la
to/Lato-SemiboldItalic.ttf

Package fontspec Info: Lato-SemiboldItalic scale = 0.8450965491242662.

Requested font "[Lato-Bold.ttf]/OT" at 10.0pt
 -> /Users/carolinekinnen/Library/TinyTeX/texmf-dist/fonts/truetype/typoland/la
to/Lato-Bold.ttf

Package fontspec Info: Lato-Bold scale = 0.8401546698393813.

Requested font "[Lato-BoldItalic.ttf]/OT" at 10.0pt
 -> /Users/carolinekinnen/Library/TinyTeX/texmf-dist/fonts/truetype/typoland/la
to/Lato-BoldItalic.ttf

Package fontspec Info: Lato-BoldItalic scale = 0.8401546698393813.

Requested font "[Lato-Heavy.ttf]/OT" at 10.0pt
 -> /Users/carolinekinnen/Library/TinyTeX/texmf-dist/fonts/truetype/typoland/la
to/Lato-Heavy.ttf

Package fontspec Info: Lato-Heavy scale = 0.8360811986810246.

Requested font "[Lato-HeavyItalic.ttf]/OT" at 10.0pt
 -> /Users/carolinekinnen/Library/TinyTeX/texmf-dist/fonts/truetype/typoland/la
to/Lato-HeavyItalic.ttf

Package fontspec Info: Lato-HeavyItalic scale = 0.8360811986810246.

Requested font "[Lato-Black.ttf]/OT" at 10.0pt
 -> /Users/carolinekinnen/Library/TinyTeX/texmf-dist/fonts/truetype/typoland/la
to/Lato-Black.ttf

Package fontspec Info: Lato-Black scale = 0.8312438935386282.

Requested font "[Lato-BlackItalic.ttf]/OT" at 10.0pt
 -> /Users/carolinekinnen/Library/TinyTeX/texmf-dist/fonts/truetype/typoland/la
to/Lato-BlackItalic.ttf

Package fontspec Info: Lato-BlackItalic scale = 0.8312438935386282.


Package fontspec Info: Lato-Regular scale = 0.8509369163101765.


Package fontspec Info: Lato-Bold scale = 0.8401546698393813.

Requested font "[Lato-Italic.ttf]/OT" at 10.0pt
 -> /Users/carolinekinnen/Library/TinyTeX/texmf-dist/fonts/truetype/typoland/la
to/Lato-Italic.ttf

Package fontspec Info: Lato-Italic scale = 0.8509369163101765.


Package fontspec Info: Lato-BoldItalic scale = 0.8401546698393813.


Package fontspec Info: Font family 'lato-TLF' created for font 'Lato' with
(fontspec)             options
(fontspec)             [Ligatures=TeX,Scale=MatchLowercase,Extension=.ttf,Ligat
ures={TeX,Common},Scale=1,FontFace={ul}{n}{*-Hairline},FontFace={ul}{it}{*-Hair
lineItalic},FontFace={el}{n}{*-Thin},FontFace={el}{it}{*-ThinItalic},FontFace={
l}{n}{*-Light},FontFace={l}{it}{*-LightItalic},UprightFont={*-Regular},ItalicFo
nt={*-Italic},FontFace={mb}{n}{*-Medium},FontFace={mb}{it}{*-MediumItalic},Font
Face={sb}{n}{*-Semibold},FontFace={sb}{it}{*-SemiboldItalic},FontFace={b}{n}{*-
Bold},FontFace={b}{it}{*-BoldItalic},BoldFont={*-Bold},BoldItalicFont={*-BoldIt
alic},FontFace={eb}{n}{*-Heavy},FontFace={eb}{it}{*-HeavyItalic},FontFace={ub}{
n}{*-Black},FontFace={ub}{it}{*-BlackItalic},Numbers={Monospaced,Lining},NFSSFa
mily=lato-TLF].
(fontspec)              
(fontspec)              This font family consists of the following NFSS
(fontspec)             series/shapes:
(fontspec)              
(fontspec)             - (ul/n) with NFSS spec.:
(fontspec)             <->s*[1]"[Lato-Hairline.ttf]/OT:script=latn;language=DFL
T;+liga;+tnum;+lnum;mapping=tex-text;"
(fontspec)             -  (ul/sc) with NFSS spec.: 
(fontspec)             - (ul/it) with NFSS spec.:
(fontspec)             <->s*[1]"[Lato-HairlineItalic.ttf]/OT:script=latn;langua
ge=DFLT;+liga;+tnum;+lnum;mapping=tex-text;"
(fontspec)             -  (ul/itsc) with NFSS spec.: 
(fontspec)             - (el/n) with NFSS spec.:
(fontspec)             <->s*[1]"[Lato-Thin.ttf]/OT:script=latn;language=DFLT;+l
iga;+tnum;+lnum;mapping=tex-text;"
(fontspec)             -  (el/sc) with NFSS spec.: 
(fontspec)             - (el/it) with NFSS spec.:
(fontspec)             <->s*[1]"[Lato-ThinItalic.ttf]/OT:script=latn;language=D
FLT;+liga;+tnum;+lnum;mapping=tex-text;"
(fontspec)             -  (el/itsc) with NFSS spec.: 
(fontspec)             - (l/n) with NFSS spec.:
(fontspec)             <->s*[1]"[Lato-Light.ttf]/OT:script=latn;language=DFLT;+
liga;+tnum;+lnum;mapping=tex-text;"
(fontspec)             -  (l/sc) with NFSS spec.: 
(fontspec)             - (l/it) with NFSS spec.:
(fontspec)             <->s*[1]"[Lato-LightItalic.ttf]/OT:script=latn;language=
DFLT;+liga;+tnum;+lnum;mapping=tex-text;"
(fontspec)             -  (l/itsc) with NFSS spec.: 
(fontspec)             - (mb/n) with NFSS spec.:
(fontspec)             <->s*[1]"[Lato-Medium.ttf]/OT:script=latn;language=DFLT;
+liga;+tnum;+lnum;mapping=tex-text;"
(fontspec)             -  (mb/sc) with NFSS spec.: 
(fontspec)             - (mb/it) with NFSS spec.:
(fontspec)             <->s*[1]"[Lato-MediumItalic.ttf]/OT:script=latn;language
=DFLT;+liga;+tnum;+lnum;mapping=tex-text;"
(fontspec)             -  (mb/itsc) with NFSS spec.: 
(fontspec)             - (sb/n) with NFSS spec.:
(fontspec)             <->s*[1]"[Lato-Semibold.ttf]/OT:script=latn;language=DFL
T;+liga;+tnum;+lnum;mapping=tex-text;"
(fontspec)             -  (sb/sc) with NFSS spec.: 
(fontspec)             - (sb/it) with NFSS spec.:
(fontspec)             <->s*[1]"[Lato-SemiboldItalic.ttf]/OT:script=latn;langua
ge=DFLT;+liga;+tnum;+lnum;mapping=tex-text;"
(fontspec)             -  (sb/itsc) with NFSS spec.: 
(fontspec)             - (b/n) with NFSS spec.:
(fontspec)             <->s*[1]"[Lato-Bold.ttf]/OT:script=latn;language=DFLT;+l
iga;+tnum;+lnum;mapping=tex-text;"
(fontspec)             -  (b/sc) with NFSS spec.: 
(fontspec)             - (b/it) with NFSS spec.:
(fontspec)             <->s*[1]"[Lato-BoldItalic.ttf]/OT:script=latn;language=D
FLT;+liga;+tnum;+lnum;mapping=tex-text;"
(fontspec)             -  (b/itsc) with NFSS spec.: 
(fontspec)             - (eb/n) with NFSS spec.:
(fontspec)             <->s*[1]"[Lato-Heavy.ttf]/OT:script=latn;language=DFLT;+
liga;+tnum;+lnum;mapping=tex-text;"
(fontspec)             -  (eb/sc) with NFSS spec.: 
(fontspec)             - (eb/it) with NFSS spec.:
(fontspec)             <->s*[1]"[Lato-HeavyItalic.ttf]/OT:script=latn;language=
DFLT;+liga;+tnum;+lnum;mapping=tex-text;"
(fontspec)             -  (eb/itsc) with NFSS spec.: 
(fontspec)             - (ub/n) with NFSS spec.:
(fontspec)             <->s*[1]"[Lato-Black.ttf]/OT:script=latn;language=DFLT;+
liga;+tnum;+lnum;mapping=tex-text;"
(fontspec)             -  (ub/sc) with NFSS spec.: 
(fontspec)             - (ub/it) with NFSS spec.:
(fontspec)             <->s*[1]"[Lato-BlackItalic.ttf]/OT:script=latn;language=
DFLT;+liga;+tnum;+lnum;mapping=tex-text;"
(fontspec)             -  (ub/itsc) with NFSS spec.: 
(fontspec)             - 'normal' (m/n) with NFSS spec.:
(fontspec)             <->s*[1]"[Lato-Regular.ttf]/OT:script=latn;language=DFLT
;+liga;+tnum;+lnum;mapping=tex-text;"
(fontspec)             - 'small caps'  (m/sc) with NFSS spec.: 
(fontspec)             - 'bold' (bx/n) with NFSS spec.:
(fontspec)             <->s*[1]"[Lato-Bold.ttf]/OT:script=latn;language=DFLT;+l
iga;+tnum;+lnum;mapping=tex-text;"
(fontspec)             - 'bold small caps'  (bx/sc) with NFSS spec.: 
(fontspec)             - 'italic' (m/it) with NFSS spec.:
(fontspec)             <->s*[1]"[Lato-Italic.ttf]/OT:script=latn;language=DFLT;
+liga;+tnum;+lnum;mapping=tex-text;"
(fontspec)             - 'italic small caps'  (m/itsc) with NFSS spec.: 
(fontspec)             - 'bold italic' (bx/it) with NFSS spec.:
(fontspec)             <->s*[1]"[Lato-BoldItalic.ttf]/OT:script=latn;language=D
FLT;+liga;+tnum;+lnum;mapping=tex-text;"
(fontspec)             - 'bold italic small caps'  (bx/itsc) with NFSS spec.: 


Package fontspec Info: Lato-Regular scale = 0.8509369163101765.


Package fontspec Info: Lato-Hairline scale = 0.8795924341224317.


Package fontspec Info: Lato-HairlineItalic scale = 0.8795924341224317.


Package fontspec Info: Lato-Thin scale = 0.8742401545070754.


Package fontspec Info: Lato-ThinItalic scale = 0.8742401545070754.


Package fontspec Info: Lato-Light scale = 0.8663301047104361.


Package fontspec Info: Lato-LightItalic scale = 0.8663301047104361.


Package fontspec Info: Lato-Medium scale = 0.848424410449263.


Package fontspec Info: Lato-MediumItalic scale = 0.848424410449263.


Package fontspec Info: Lato-Semibold scale = 0.8450965491242662.


Package fontspec Info: Lato-SemiboldItalic scale = 0.8450965491242662.


Package fontspec Info: Lato-Bold scale = 0.8401546698393813.


Package fontspec Info: Lato-BoldItalic scale = 0.8401546698393813.


Package fontspec Info: Lato-Heavy scale = 0.8360811986810246.


Package fontspec Info: Lato-HeavyItalic scale = 0.8360811986810246.


Package fontspec Info: Lato-Black scale = 0.8312438935386282.


Package fontspec Info: Lato-BlackItalic scale = 0.8312438935386282.


Package fontspec Info: Lato-Regular scale = 0.8509369163101765.


Package fontspec Info: Lato-Bold scale = 0.8401546698393813.


Package fontspec Info: Lato-Italic scale = 0.8509369163101765.


Package fontspec Info: Lato-BoldItalic scale = 0.8401546698393813.


Package fontspec Info: Font family 'lato-LF' created for font 'Lato' with
(fontspec)             options
(fontspec)             [Ligatures=TeX,Scale=MatchLowercase,Extension=.ttf,Ligat
ures={TeX,Common},Scale=1,FontFace={ul}{n}{*-Hairline},FontFace={ul}{it}{*-Hair
lineItalic},FontFace={el}{n}{*-Thin},FontFace={el}{it}{*-ThinItalic},FontFace={
l}{n}{*-Light},FontFace={l}{it}{*-LightItalic},UprightFont={*-Regular},ItalicFo
nt={*-Italic},FontFace={mb}{n}{*-Medium},FontFace={mb}{it}{*-MediumItalic},Font
Face={sb}{n}{*-Semibold},FontFace={sb}{it}{*-SemiboldItalic},FontFace={b}{n}{*-
Bold},FontFace={b}{it}{*-BoldItalic},BoldFont={*-Bold},BoldItalicFont={*-BoldIt
alic},FontFace={eb}{n}{*-Heavy},FontFace={eb}{it}{*-HeavyItalic},FontFace={ub}{
n}{*-Black},FontFace={ub}{it}{*-BlackItalic},Numbers={Proportional,Lining},NFSS
Family=lato-LF].
(fontspec)              
(fontspec)              This font family consists of the following NFSS
(fontspec)             series/shapes:
(fontspec)              
(fontspec)             - (ul/n) with NFSS spec.:
(fontspec)             <->s*[1]"[Lato-Hairline.ttf]/OT:script=latn;language=DFL
T;+liga;+pnum;+lnum;mapping=tex-text;"
(fontspec)             -  (ul/sc) with NFSS spec.: 
(fontspec)             - (ul/it) with NFSS spec.:
(fontspec)             <->s*[1]"[Lato-HairlineItalic.ttf]/OT:script=latn;langua
ge=DFLT;+liga;+pnum;+lnum;mapping=tex-text;"
(fontspec)             -  (ul/itsc) with NFSS spec.: 
(fontspec)             - (el/n) with NFSS spec.:
(fontspec)             <->s*[1]"[Lato-Thin.ttf]/OT:script=latn;language=DFLT;+l
iga;+pnum;+lnum;mapping=tex-text;"
(fontspec)             -  (el/sc) with NFSS spec.: 
(fontspec)             - (el/it) with NFSS spec.:
(fontspec)             <->s*[1]"[Lato-ThinItalic.ttf]/OT:script=latn;language=D
FLT;+liga;+pnum;+lnum;mapping=tex-text;"
(fontspec)             -  (el/itsc) with NFSS spec.: 
(fontspec)             - (l/n) with NFSS spec.:
(fontspec)             <->s*[1]"[Lato-Light.ttf]/OT:script=latn;language=DFLT;+
liga;+pnum;+lnum;mapping=tex-text;"
(fontspec)             -  (l/sc) with NFSS spec.: 
(fontspec)             - (l/it) with NFSS spec.:
(fontspec)             <->s*[1]"[Lato-LightItalic.ttf]/OT:script=latn;language=
DFLT;+liga;+pnum;+lnum;mapping=tex-text;"
(fontspec)             -  (l/itsc) with NFSS spec.: 
(fontspec)             - (mb/n) with NFSS spec.:
(fontspec)             <->s*[1]"[Lato-Medium.ttf]/OT:script=latn;language=DFLT;
+liga;+pnum;+lnum;mapping=tex-text;"
(fontspec)             -  (mb/sc) with NFSS spec.: 
(fontspec)             - (mb/it) with NFSS spec.:
(fontspec)             <->s*[1]"[Lato-MediumItalic.ttf]/OT:script=latn;language
=DFLT;+liga;+pnum;+lnum;mapping=tex-text;"
(fontspec)             -  (mb/itsc) with NFSS spec.: 
(fontspec)             - (sb/n) with NFSS spec.:
(fontspec)             <->s*[1]"[Lato-Semibold.ttf]/OT:script=latn;language=DFL
T;+liga;+pnum;+lnum;mapping=tex-text;"
(fontspec)             -  (sb/sc) with NFSS spec.: 
(fontspec)             - (sb/it) with NFSS spec.:
(fontspec)             <->s*[1]"[Lato-SemiboldItalic.ttf]/OT:script=latn;langua
ge=DFLT;+liga;+pnum;+lnum;mapping=tex-text;"
(fontspec)             -  (sb/itsc) with NFSS spec.: 
(fontspec)             - (b/n) with NFSS spec.:
(fontspec)             <->s*[1]"[Lato-Bold.ttf]/OT:script=latn;language=DFLT;+l
iga;+pnum;+lnum;mapping=tex-text;"
(fontspec)             -  (b/sc) with NFSS spec.: 
(fontspec)             - (b/it) with NFSS spec.:
(fontspec)             <->s*[1]"[Lato-BoldItalic.ttf]/OT:script=latn;language=D
FLT;+liga;+pnum;+lnum;mapping=tex-text;"
(fontspec)             -  (b/itsc) with NFSS spec.: 
(fontspec)             - (eb/n) with NFSS spec.:
(fontspec)             <->s*[1]"[Lato-Heavy.ttf]/OT:script=latn;language=DFLT;+
liga;+pnum;+lnum;mapping=tex-text;"
(fontspec)             -  (eb/sc) with NFSS spec.: 
(fontspec)             - (eb/it) with NFSS spec.:
(fontspec)             <->s*[1]"[Lato-HeavyItalic.ttf]/OT:script=latn;language=
DFLT;+liga;+pnum;+lnum;mapping=tex-text;"
(fontspec)             -  (eb/itsc) with NFSS spec.: 
(fontspec)             - (ub/n) with NFSS spec.:
(fontspec)             <->s*[1]"[Lato-Black.ttf]/OT:script=latn;language=DFLT;+
liga;+pnum;+lnum;mapping=tex-text;"
(fontspec)             -  (ub/sc) with NFSS spec.: 
(fontspec)             - (ub/it) with NFSS spec.:
(fontspec)             <->s*[1]"[Lato-BlackItalic.ttf]/OT:script=latn;language=
DFLT;+liga;+pnum;+lnum;mapping=tex-text;"
(fontspec)             -  (ub/itsc) with NFSS spec.: 
(fontspec)             - 'normal' (m/n) with NFSS spec.:
(fontspec)             <->s*[1]"[Lato-Regular.ttf]/OT:script=latn;language=DFLT
;+liga;+pnum;+lnum;mapping=tex-text;"
(fontspec)             - 'small caps'  (m/sc) with NFSS spec.: 
(fontspec)             - 'bold' (bx/n) with NFSS spec.:
(fontspec)             <->s*[1]"[Lato-Bold.ttf]/OT:script=latn;language=DFLT;+l
iga;+pnum;+lnum;mapping=tex-text;"
(fontspec)             - 'bold small caps'  (bx/sc) with NFSS spec.: 
(fontspec)             - 'italic' (m/it) with NFSS spec.:
(fontspec)             <->s*[1]"[Lato-Italic.ttf]/OT:script=latn;language=DFLT;
+liga;+pnum;+lnum;mapping=tex-text;"
(fontspec)             - 'italic small caps'  (m/itsc) with NFSS spec.: 
(fontspec)             - 'bold italic' (bx/it) with NFSS spec.:
(fontspec)             <->s*[1]"[Lato-BoldItalic.ttf]/OT:script=latn;language=D
FLT;+liga;+pnum;+lnum;mapping=tex-text;"
(fontspec)             - 'bold italic small caps'  (bx/itsc) with NFSS spec.: 


Package fontspec Info: Lato-Regular scale = 0.8509369163101765.


Package fontspec Info: Lato-Hairline scale = 0.8795924341224317.


Package fontspec Info: Lato-HairlineItalic scale = 0.8795924341224317.


Package fontspec Info: Lato-Thin scale = 0.8742401545070754.


Package fontspec Info: Lato-ThinItalic scale = 0.8742401545070754.


Package fontspec Info: Lato-Light scale = 0.8663301047104361.


Package fontspec Info: Lato-LightItalic scale = 0.8663301047104361.


Package fontspec Info: Lato-Medium scale = 0.848424410449263.


Package fontspec Info: Lato-MediumItalic scale = 0.848424410449263.


Package fontspec Info: Lato-Semibold scale = 0.8450965491242662.


Package fontspec Info: Lato-SemiboldItalic scale = 0.8450965491242662.


Package fontspec Info: Lato-Bold scale = 0.8401546698393813.


Package fontspec Info: Lato-BoldItalic scale = 0.8401546698393813.


Package fontspec Info: Lato-Heavy scale = 0.8360811986810246.


Package fontspec Info: Lato-HeavyItalic scale = 0.8360811986810246.


Package fontspec Info: Lato-Black scale = 0.8312438935386282.


Package fontspec Info: Lato-BlackItalic scale = 0.8312438935386282.


Package fontspec Info: Lato-Regular scale = 0.8509369163101765.


Package fontspec Info: Lato-Bold scale = 0.8401546698393813.


Package fontspec Info: Lato-Italic scale = 0.8509369163101765.


Package fontspec Info: Lato-BoldItalic scale = 0.8401546698393813.


Package fontspec Info: Font family 'lato-TOsF' created for font 'Lato' with
(fontspec)             options
(fontspec)             [Ligatures=TeX,Scale=MatchLowercase,Extension=.ttf,Ligat
ures={TeX,Common},Scale=1,FontFace={ul}{n}{*-Hairline},FontFace={ul}{it}{*-Hair
lineItalic},FontFace={el}{n}{*-Thin},FontFace={el}{it}{*-ThinItalic},FontFace={
l}{n}{*-Light},FontFace={l}{it}{*-LightItalic},UprightFont={*-Regular},ItalicFo
nt={*-Italic},FontFace={mb}{n}{*-Medium},FontFace={mb}{it}{*-MediumItalic},Font
Face={sb}{n}{*-Semibold},FontFace={sb}{it}{*-SemiboldItalic},FontFace={b}{n}{*-
Bold},FontFace={b}{it}{*-BoldItalic},BoldFont={*-Bold},BoldItalicFont={*-BoldIt
alic},FontFace={eb}{n}{*-Heavy},FontFace={eb}{it}{*-HeavyItalic},FontFace={ub}{
n}{*-Black},FontFace={ub}{it}{*-BlackItalic},Numbers={Monospaced,OldStyle},NFSS
Family=lato-TOsF].
(fontspec)              
(fontspec)              This font family consists of the following NFSS
(fontspec)             series/shapes:
(fontspec)              
(fontspec)             - (ul/n) with NFSS spec.:
(fontspec)             <->s*[1]"[Lato-Hairline.ttf]/OT:script=latn;language=DFL
T;+liga;+tnum;+onum;mapping=tex-text;"
(fontspec)             -  (ul/sc) with NFSS spec.: 
(fontspec)             - (ul/it) with NFSS spec.:
(fontspec)             <->s*[1]"[Lato-HairlineItalic.ttf]/OT:script=latn;langua
ge=DFLT;+liga;+tnum;+onum;mapping=tex-text;"
(fontspec)             -  (ul/itsc) with NFSS spec.: 
(fontspec)             - (el/n) with NFSS spec.:
(fontspec)             <->s*[1]"[Lato-Thin.ttf]/OT:script=latn;language=DFLT;+l
iga;+tnum;+onum;mapping=tex-text;"
(fontspec)             -  (el/sc) with NFSS spec.: 
(fontspec)             - (el/it) with NFSS spec.:
(fontspec)             <->s*[1]"[Lato-ThinItalic.ttf]/OT:script=latn;language=D
FLT;+liga;+tnum;+onum;mapping=tex-text;"
(fontspec)             -  (el/itsc) with NFSS spec.: 
(fontspec)             - (l/n) with NFSS spec.:
(fontspec)             <->s*[1]"[Lato-Light.ttf]/OT:script=latn;language=DFLT;+
liga;+tnum;+onum;mapping=tex-text;"
(fontspec)             -  (l/sc) with NFSS spec.: 
(fontspec)             - (l/it) with NFSS spec.:
(fontspec)             <->s*[1]"[Lato-LightItalic.ttf]/OT:script=latn;language=
DFLT;+liga;+tnum;+onum;mapping=tex-text;"
(fontspec)             -  (l/itsc) with NFSS spec.: 
(fontspec)             - (mb/n) with NFSS spec.:
(fontspec)             <->s*[1]"[Lato-Medium.ttf]/OT:script=latn;language=DFLT;
+liga;+tnum;+onum;mapping=tex-text;"
(fontspec)             -  (mb/sc) with NFSS spec.: 
(fontspec)             - (mb/it) with NFSS spec.:
(fontspec)             <->s*[1]"[Lato-MediumItalic.ttf]/OT:script=latn;language
=DFLT;+liga;+tnum;+onum;mapping=tex-text;"
(fontspec)             -  (mb/itsc) with NFSS spec.: 
(fontspec)             - (sb/n) with NFSS spec.:
(fontspec)             <->s*[1]"[Lato-Semibold.ttf]/OT:script=latn;language=DFL
T;+liga;+tnum;+onum;mapping=tex-text;"
(fontspec)             -  (sb/sc) with NFSS spec.: 
(fontspec)             - (sb/it) with NFSS spec.:
(fontspec)             <->s*[1]"[Lato-SemiboldItalic.ttf]/OT:script=latn;langua
ge=DFLT;+liga;+tnum;+onum;mapping=tex-text;"
(fontspec)             -  (sb/itsc) with NFSS spec.: 
(fontspec)             - (b/n) with NFSS spec.:
(fontspec)             <->s*[1]"[Lato-Bold.ttf]/OT:script=latn;language=DFLT;+l
iga;+tnum;+onum;mapping=tex-text;"
(fontspec)             -  (b/sc) with NFSS spec.: 
(fontspec)             - (b/it) with NFSS spec.:
(fontspec)             <->s*[1]"[Lato-BoldItalic.ttf]/OT:script=latn;language=D
FLT;+liga;+tnum;+onum;mapping=tex-text;"
(fontspec)             -  (b/itsc) with NFSS spec.: 
(fontspec)             - (eb/n) with NFSS spec.:
(fontspec)             <->s*[1]"[Lato-Heavy.ttf]/OT:script=latn;language=DFLT;+
liga;+tnum;+onum;mapping=tex-text;"
(fontspec)             -  (eb/sc) with NFSS spec.: 
(fontspec)             - (eb/it) with NFSS spec.:
(fontspec)             <->s*[1]"[Lato-HeavyItalic.ttf]/OT:script=latn;language=
DFLT;+liga;+tnum;+onum;mapping=tex-text;"
(fontspec)             -  (eb/itsc) with NFSS spec.: 
(fontspec)             - (ub/n) with NFSS spec.:
(fontspec)             <->s*[1]"[Lato-Black.ttf]/OT:script=latn;language=DFLT;+
liga;+tnum;+onum;mapping=tex-text;"
(fontspec)             -  (ub/sc) with NFSS spec.: 
(fontspec)             - (ub/it) with NFSS spec.:
(fontspec)             <->s*[1]"[Lato-BlackItalic.ttf]/OT:script=latn;language=
DFLT;+liga;+tnum;+onum;mapping=tex-text;"
(fontspec)             -  (ub/itsc) with NFSS spec.: 
(fontspec)             - 'normal' (m/n) with NFSS spec.:
(fontspec)             <->s*[1]"[Lato-Regular.ttf]/OT:script=latn;language=DFLT
;+liga;+tnum;+onum;mapping=tex-text;"
(fontspec)             - 'small caps'  (m/sc) with NFSS spec.: 
(fontspec)             - 'bold' (bx/n) with NFSS spec.:
(fontspec)             <->s*[1]"[Lato-Bold.ttf]/OT:script=latn;language=DFLT;+l
iga;+tnum;+onum;mapping=tex-text;"
(fontspec)             - 'bold small caps'  (bx/sc) with NFSS spec.: 
(fontspec)             - 'italic' (m/it) with NFSS spec.:
(fontspec)             <->s*[1]"[Lato-Italic.ttf]/OT:script=latn;language=DFLT;
+liga;+tnum;+onum;mapping=tex-text;"
(fontspec)             - 'italic small caps'  (m/itsc) with NFSS spec.: 
(fontspec)             - 'bold italic' (bx/it) with NFSS spec.:
(fontspec)             <->s*[1]"[Lato-BoldItalic.ttf]/OT:script=latn;language=D
FLT;+liga;+tnum;+onum;mapping=tex-text;"
(fontspec)             - 'bold italic small caps'  (bx/itsc) with NFSS spec.: 


Package fontspec Info: Lato-Regular scale = 0.8509369163101765.


Package fontspec Info: Lato-Hairline scale = 0.8795924341224317.


Package fontspec Info: Lato-HairlineItalic scale = 0.8795924341224317.


Package fontspec Info: Lato-Thin scale = 0.8742401545070754.


Package fontspec Info: Lato-ThinItalic scale = 0.8742401545070754.


Package fontspec Info: Lato-Light scale = 0.8663301047104361.


Package fontspec Info: Lato-LightItalic scale = 0.8663301047104361.


Package fontspec Info: Lato-Medium scale = 0.848424410449263.


Package fontspec Info: Lato-MediumItalic scale = 0.848424410449263.


Package fontspec Info: Lato-Semibold scale = 0.8450965491242662.


Package fontspec Info: Lato-SemiboldItalic scale = 0.8450965491242662.


Package fontspec Info: Lato-Bold scale = 0.8401546698393813.


Package fontspec Info: Lato-BoldItalic scale = 0.8401546698393813.


Package fontspec Info: Lato-Heavy scale = 0.8360811986810246.


Package fontspec Info: Lato-HeavyItalic scale = 0.8360811986810246.


Package fontspec Info: Lato-Black scale = 0.8312438935386282.


Package fontspec Info: Lato-BlackItalic scale = 0.8312438935386282.


Package fontspec Info: Lato-Regular scale = 0.8509369163101765.


Package fontspec Info: Lato-Bold scale = 0.8401546698393813.


Package fontspec Info: Lato-Italic scale = 0.8509369163101765.


Package fontspec Info: Lato-BoldItalic scale = 0.8401546698393813.


Package fontspec Info: Font family 'lato-OsF' created for font 'Lato' with
(fontspec)             options
(fontspec)             [Ligatures=TeX,Scale=MatchLowercase,Extension=.ttf,Ligat
ures={TeX,Common},Scale=1,FontFace={ul}{n}{*-Hairline},FontFace={ul}{it}{*-Hair
lineItalic},FontFace={el}{n}{*-Thin},FontFace={el}{it}{*-ThinItalic},FontFace={
l}{n}{*-Light},FontFace={l}{it}{*-LightItalic},UprightFont={*-Regular},ItalicFo
nt={*-Italic},FontFace={mb}{n}{*-Medium},FontFace={mb}{it}{*-MediumItalic},Font
Face={sb}{n}{*-Semibold},FontFace={sb}{it}{*-SemiboldItalic},FontFace={b}{n}{*-
Bold},FontFace={b}{it}{*-BoldItalic},BoldFont={*-Bold},BoldItalicFont={*-BoldIt
alic},FontFace={eb}{n}{*-Heavy},FontFace={eb}{it}{*-HeavyItalic},FontFace={ub}{
n}{*-Black},FontFace={ub}{it}{*-BlackItalic},Numbers={Proportional,OldStyle},NF
SSFamily=lato-OsF].
(fontspec)              
(fontspec)              This font family consists of the following NFSS
(fontspec)             series/shapes:
(fontspec)              
(fontspec)             - (ul/n) with NFSS spec.:
(fontspec)             <->s*[1]"[Lato-Hairline.ttf]/OT:script=latn;language=DFL
T;+liga;+pnum;+onum;mapping=tex-text;"
(fontspec)             -  (ul/sc) with NFSS spec.: 
(fontspec)             - (ul/it) with NFSS spec.:
(fontspec)             <->s*[1]"[Lato-HairlineItalic.ttf]/OT:script=latn;langua
ge=DFLT;+liga;+pnum;+onum;mapping=tex-text;"
(fontspec)             -  (ul/itsc) with NFSS spec.: 
(fontspec)             - (el/n) with NFSS spec.:
(fontspec)             <->s*[1]"[Lato-Thin.ttf]/OT:script=latn;language=DFLT;+l
iga;+pnum;+onum;mapping=tex-text;"
(fontspec)             -  (el/sc) with NFSS spec.: 
(fontspec)             - (el/it) with NFSS spec.:
(fontspec)             <->s*[1]"[Lato-ThinItalic.ttf]/OT:script=latn;language=D
FLT;+liga;+pnum;+onum;mapping=tex-text;"
(fontspec)             -  (el/itsc) with NFSS spec.: 
(fontspec)             - (l/n) with NFSS spec.:
(fontspec)             <->s*[1]"[Lato-Light.ttf]/OT:script=latn;language=DFLT;+
liga;+pnum;+onum;mapping=tex-text;"
(fontspec)             -  (l/sc) with NFSS spec.: 
(fontspec)             - (l/it) with NFSS spec.:
(fontspec)             <->s*[1]"[Lato-LightItalic.ttf]/OT:script=latn;language=
DFLT;+liga;+pnum;+onum;mapping=tex-text;"
(fontspec)             -  (l/itsc) with NFSS spec.: 
(fontspec)             - (mb/n) with NFSS spec.:
(fontspec)             <->s*[1]"[Lato-Medium.ttf]/OT:script=latn;language=DFLT;
+liga;+pnum;+onum;mapping=tex-text;"
(fontspec)             -  (mb/sc) with NFSS spec.: 
(fontspec)             - (mb/it) with NFSS spec.:
(fontspec)             <->s*[1]"[Lato-MediumItalic.ttf]/OT:script=latn;language
=DFLT;+liga;+pnum;+onum;mapping=tex-text;"
(fontspec)             -  (mb/itsc) with NFSS spec.: 
(fontspec)             - (sb/n) with NFSS spec.:
(fontspec)             <->s*[1]"[Lato-Semibold.ttf]/OT:script=latn;language=DFL
T;+liga;+pnum;+onum;mapping=tex-text;"
(fontspec)             -  (sb/sc) with NFSS spec.: 
(fontspec)             - (sb/it) with NFSS spec.:
(fontspec)             <->s*[1]"[Lato-SemiboldItalic.ttf]/OT:script=latn;langua
ge=DFLT;+liga;+pnum;+onum;mapping=tex-text;"
(fontspec)             -  (sb/itsc) with NFSS spec.: 
(fontspec)             - (b/n) with NFSS spec.:
(fontspec)             <->s*[1]"[Lato-Bold.ttf]/OT:script=latn;language=DFLT;+l
iga;+pnum;+onum;mapping=tex-text;"
(fontspec)             -  (b/sc) with NFSS spec.: 
(fontspec)             - (b/it) with NFSS spec.:
(fontspec)             <->s*[1]"[Lato-BoldItalic.ttf]/OT:script=latn;language=D
FLT;+liga;+pnum;+onum;mapping=tex-text;"
(fontspec)             -  (b/itsc) with NFSS spec.: 
(fontspec)             - (eb/n) with NFSS spec.:
(fontspec)             <->s*[1]"[Lato-Heavy.ttf]/OT:script=latn;language=DFLT;+
liga;+pnum;+onum;mapping=tex-text;"
(fontspec)             -  (eb/sc) with NFSS spec.: 
(fontspec)             - (eb/it) with NFSS spec.:
(fontspec)             <->s*[1]"[Lato-HeavyItalic.ttf]/OT:script=latn;language=
DFLT;+liga;+pnum;+onum;mapping=tex-text;"
(fontspec)             -  (eb/itsc) with NFSS spec.: 
(fontspec)             - (ub/n) with NFSS spec.:
(fontspec)             <->s*[1]"[Lato-Black.ttf]/OT:script=latn;language=DFLT;+
liga;+pnum;+onum;mapping=tex-text;"
(fontspec)             -  (ub/sc) with NFSS spec.: 
(fontspec)             - (ub/it) with NFSS spec.:
(fontspec)             <->s*[1]"[Lato-BlackItalic.ttf]/OT:script=latn;language=
DFLT;+liga;+pnum;+onum;mapping=tex-text;"
(fontspec)             -  (ub/itsc) with NFSS spec.: 
(fontspec)             - 'normal' (m/n) with NFSS spec.:
(fontspec)             <->s*[1]"[Lato-Regular.ttf]/OT:script=latn;language=DFLT
;+liga;+pnum;+onum;mapping=tex-text;"
(fontspec)             - 'small caps'  (m/sc) with NFSS spec.: 
(fontspec)             - 'bold' (bx/n) with NFSS spec.:
(fontspec)             <->s*[1]"[Lato-Bold.ttf]/OT:script=latn;language=DFLT;+l
iga;+pnum;+onum;mapping=tex-text;"
(fontspec)             - 'bold small caps'  (bx/sc) with NFSS spec.: 
(fontspec)             - 'italic' (m/it) with NFSS spec.:
(fontspec)             <->s*[1]"[Lato-Italic.ttf]/OT:script=latn;language=DFLT;
+liga;+pnum;+onum;mapping=tex-text;"
(fontspec)             - 'italic small caps'  (m/itsc) with NFSS spec.: 
(fontspec)             - 'bold italic' (bx/it) with NFSS spec.:
(fontspec)             <->s*[1]"[Lato-BoldItalic.ttf]/OT:script=latn;language=D
FLT;+liga;+pnum;+onum;mapping=tex-text;"
(fontspec)             - 'bold italic small caps'  (bx/itsc) with NFSS spec.: 


Package fontspec Info: Lato-Regular scale = 0.8509369163101765.


Package fontspec Info: Lato-Hairline scale = 0.8795924341224317.


Package fontspec Info: Lato-HairlineItalic scale = 0.8795924341224317.


Package fontspec Info: Lato-Thin scale = 0.8742401545070754.


Package fontspec Info: Lato-ThinItalic scale = 0.8742401545070754.


Package fontspec Info: Lato-Light scale = 0.8663301047104361.


Package fontspec Info: Lato-LightItalic scale = 0.8663301047104361.


Package fontspec Info: Lato-Medium scale = 0.848424410449263.


Package fontspec Info: Lato-MediumItalic scale = 0.848424410449263.


Package fontspec Info: Lato-Semibold scale = 0.8450965491242662.


Package fontspec Info: Lato-SemiboldItalic scale = 0.8450965491242662.


Package fontspec Info: Lato-Bold scale = 0.8401546698393813.


Package fontspec Info: Lato-BoldItalic scale = 0.8401546698393813.


Package fontspec Info: Lato-Heavy scale = 0.8360811986810246.


Package fontspec Info: Lato-HeavyItalic scale = 0.8360811986810246.


Package fontspec Info: Lato-Black scale = 0.8312438935386282.


Package fontspec Info: Lato-BlackItalic scale = 0.8312438935386282.


Package fontspec Info: Lato-Regular scale = 0.8509369163101765.


Package fontspec Info: Lato-Bold scale = 0.8401546698393813.


Package fontspec Info: Lato-Italic scale = 0.8509369163101765.


Package fontspec Info: Lato-BoldItalic scale = 0.8401546698393813.


Package fontspec Info: Font family 'fla' created for font 'Lato' with options
(fontspec)             [Ligatures=TeX,Scale=MatchLowercase,Extension=.ttf,Ligat
ures={TeX,Common},Scale=1,FontFace={ul}{n}{*-Hairline},FontFace={ul}{it}{*-Hair
lineItalic},FontFace={el}{n}{*-Thin},FontFace={el}{it}{*-ThinItalic},FontFace={
l}{n}{*-Light},FontFace={l}{it}{*-LightItalic},UprightFont={*-Regular},ItalicFo
nt={*-Italic},FontFace={mb}{n}{*-Medium},FontFace={mb}{it}{*-MediumItalic},Font
Face={sb}{n}{*-Semibold},FontFace={sb}{it}{*-SemiboldItalic},FontFace={b}{n}{*-
Bold},FontFace={b}{it}{*-BoldItalic},BoldFont={*-Bold},BoldItalicFont={*-BoldIt
alic},FontFace={eb}{n}{*-Heavy},FontFace={eb}{it}{*-HeavyItalic},FontFace={ub}{
n}{*-Black},FontFace={ub}{it}{*-BlackItalic},Numbers={Monospaced,Lining},NFSSFa
mily=fla].
(fontspec)              
(fontspec)              This font family consists of the following NFSS
(fontspec)             series/shapes:
(fontspec)              
(fontspec)             - (ul/n) with NFSS spec.:
(fontspec)             <->s*[1]"[Lato-Hairline.ttf]/OT:script=latn;language=DFL
T;+liga;+tnum;+lnum;mapping=tex-text;"
(fontspec)             -  (ul/sc) with NFSS spec.: 
(fontspec)             - (ul/it) with NFSS spec.:
(fontspec)             <->s*[1]"[Lato-HairlineItalic.ttf]/OT:script=latn;langua
ge=DFLT;+liga;+tnum;+lnum;mapping=tex-text;"
(fontspec)             -  (ul/itsc) with NFSS spec.: 
(fontspec)             - (el/n) with NFSS spec.:
(fontspec)             <->s*[1]"[Lato-Thin.ttf]/OT:script=latn;language=DFLT;+l
iga;+tnum;+lnum;mapping=tex-text;"
(fontspec)             -  (el/sc) with NFSS spec.: 
(fontspec)             - (el/it) with NFSS spec.:
(fontspec)             <->s*[1]"[Lato-ThinItalic.ttf]/OT:script=latn;language=D
FLT;+liga;+tnum;+lnum;mapping=tex-text;"
(fontspec)             -  (el/itsc) with NFSS spec.: 
(fontspec)             - (l/n) with NFSS spec.:
(fontspec)             <->s*[1]"[Lato-Light.ttf]/OT:script=latn;language=DFLT;+
liga;+tnum;+lnum;mapping=tex-text;"
(fontspec)             -  (l/sc) with NFSS spec.: 
(fontspec)             - (l/it) with NFSS spec.:
(fontspec)             <->s*[1]"[Lato-LightItalic.ttf]/OT:script=latn;language=
DFLT;+liga;+tnum;+lnum;mapping=tex-text;"
(fontspec)             -  (l/itsc) with NFSS spec.: 
(fontspec)             - (mb/n) with NFSS spec.:
(fontspec)             <->s*[1]"[Lato-Medium.ttf]/OT:script=latn;language=DFLT;
+liga;+tnum;+lnum;mapping=tex-text;"
(fontspec)             -  (mb/sc) with NFSS spec.: 
(fontspec)             - (mb/it) with NFSS spec.:
(fontspec)             <->s*[1]"[Lato-MediumItalic.ttf]/OT:script=latn;language
=DFLT;+liga;+tnum;+lnum;mapping=tex-text;"
(fontspec)             -  (mb/itsc) with NFSS spec.: 
(fontspec)             - (sb/n) with NFSS spec.:
(fontspec)             <->s*[1]"[Lato-Semibold.ttf]/OT:script=latn;language=DFL
T;+liga;+tnum;+lnum;mapping=tex-text;"
(fontspec)             -  (sb/sc) with NFSS spec.: 
(fontspec)             - (sb/it) with NFSS spec.:
(fontspec)             <->s*[1]"[Lato-SemiboldItalic.ttf]/OT:script=latn;langua
ge=DFLT;+liga;+tnum;+lnum;mapping=tex-text;"
(fontspec)             -  (sb/itsc) with NFSS spec.: 
(fontspec)             - (b/n) with NFSS spec.:
(fontspec)             <->s*[1]"[Lato-Bold.ttf]/OT:script=latn;language=DFLT;+l
iga;+tnum;+lnum;mapping=tex-text;"
(fontspec)             -  (b/sc) with NFSS spec.: 
(fontspec)             - (b/it) with NFSS spec.:
(fontspec)             <->s*[1]"[Lato-BoldItalic.ttf]/OT:script=latn;language=D
FLT;+liga;+tnum;+lnum;mapping=tex-text;"
(fontspec)             -  (b/itsc) with NFSS spec.: 
(fontspec)             - (eb/n) with NFSS spec.:
(fontspec)             <->s*[1]"[Lato-Heavy.ttf]/OT:script=latn;language=DFLT;+
liga;+tnum;+lnum;mapping=tex-text;"
(fontspec)             -  (eb/sc) with NFSS spec.: 
(fontspec)             - (eb/it) with NFSS spec.:
(fontspec)             <->s*[1]"[Lato-HeavyItalic.ttf]/OT:script=latn;language=
DFLT;+liga;+tnum;+lnum;mapping=tex-text;"
(fontspec)             -  (eb/itsc) with NFSS spec.: 
(fontspec)             - (ub/n) with NFSS spec.:
(fontspec)             <->s*[1]"[Lato-Black.ttf]/OT:script=latn;language=DFLT;+
liga;+tnum;+lnum;mapping=tex-text;"
(fontspec)             -  (ub/sc) with NFSS spec.: 
(fontspec)             - (ub/it) with NFSS spec.:
(fontspec)             <->s*[1]"[Lato-BlackItalic.ttf]/OT:script=latn;language=
DFLT;+liga;+tnum;+lnum;mapping=tex-text;"
(fontspec)             -  (ub/itsc) with NFSS spec.: 
(fontspec)             - 'normal' (m/n) with NFSS spec.:
(fontspec)             <->s*[1]"[Lato-Regular.ttf]/OT:script=latn;language=DFLT
;+liga;+tnum;+lnum;mapping=tex-text;"
(fontspec)             - 'small caps'  (m/sc) with NFSS spec.: 
(fontspec)             - 'bold' (bx/n) with NFSS spec.:
(fontspec)             <->s*[1]"[Lato-Bold.ttf]/OT:script=latn;language=DFLT;+l
iga;+tnum;+lnum;mapping=tex-text;"
(fontspec)             - 'bold small caps'  (bx/sc) with NFSS spec.: 
(fontspec)             - 'italic' (m/it) with NFSS spec.:
(fontspec)             <->s*[1]"[Lato-Italic.ttf]/OT:script=latn;language=DFLT;
+liga;+tnum;+lnum;mapping=tex-text;"
(fontspec)             - 'italic small caps'  (m/itsc) with NFSS spec.: 
(fontspec)             - 'bold italic' (bx/it) with NFSS spec.:
(fontspec)             <->s*[1]"[Lato-BoldItalic.ttf]/OT:script=latn;language=D
FLT;+liga;+tnum;+lnum;mapping=tex-text;"
(fontspec)             - 'bold italic small caps'  (bx/itsc) with NFSS spec.: 


Package fontspec Info: Lato-Regular scale = 0.8509369163101765.


Package fontspec Info: Lato-Hairline scale = 0.8795924341224317.


Package fontspec Info: Lato-HairlineItalic scale = 0.8795924341224317.


Package fontspec Info: Lato-Thin scale = 0.8742401545070754.


Package fontspec Info: Lato-ThinItalic scale = 0.8742401545070754.


Package fontspec Info: Lato-Light scale = 0.8663301047104361.


Package fontspec Info: Lato-LightItalic scale = 0.8663301047104361.


Package fontspec Info: Lato-Medium scale = 0.848424410449263.


Package fontspec Info: Lato-MediumItalic scale = 0.848424410449263.


Package fontspec Info: Lato-Semibold scale = 0.8450965491242662.


Package fontspec Info: Lato-SemiboldItalic scale = 0.8450965491242662.


Package fontspec Info: Lato-Bold scale = 0.8401546698393813.


Package fontspec Info: Lato-BoldItalic scale = 0.8401546698393813.


Package fontspec Info: Lato-Heavy scale = 0.8360811986810246.


Package fontspec Info: Lato-HeavyItalic scale = 0.8360811986810246.


Package fontspec Info: Lato-Black scale = 0.8312438935386282.


Package fontspec Info: Lato-BlackItalic scale = 0.8312438935386282.


Package fontspec Info: Lato-Regular scale = 0.8509369163101765.


Package fontspec Info: Lato-Bold scale = 0.8401546698393813.


Package fontspec Info: Lato-Italic scale = 0.8509369163101765.


Package fontspec Info: Lato-BoldItalic scale = 0.8401546698393813.


Package fontspec Info: Font family 'Lato(0)' created for font 'Lato' with
(fontspec)             options
(fontspec)             [Ligatures=TeX,Scale=MatchLowercase,Ligatures=TeX,Extens
ion=.ttf,Ligatures={TeX,Common},Scale=1,FontFace={ul}{n}{*-Hairline},FontFace={
ul}{it}{*-HairlineItalic},FontFace={el}{n}{*-Thin},FontFace={el}{it}{*-ThinItal
ic},FontFace={l}{n}{*-Light},FontFace={l}{it}{*-LightItalic},UprightFont={*-Reg
ular},ItalicFont={*-Italic},FontFace={mb}{n}{*-Medium},FontFace={mb}{it}{*-Medi
umItalic},FontFace={sb}{n}{*-Semibold},FontFace={sb}{it}{*-SemiboldItalic},Font
Face={b}{n}{*-Bold},FontFace={b}{it}{*-BoldItalic},BoldFont={*-Bold},BoldItalic
Font={*-BoldItalic},FontFace={eb}{n}{*-Heavy},FontFace={eb}{it}{*-HeavyItalic},
FontFace={ub}{n}{*-Black},FontFace={ub}{it}{*-BlackItalic},Numbers={Monospaced,
Lining}].
(fontspec)              
(fontspec)              This font family consists of the following NFSS
(fontspec)             series/shapes:
(fontspec)              
(fontspec)             - (ul/n) with NFSS spec.:
(fontspec)             <->s*[1]"[Lato-Hairline.ttf]/OT:script=latn;language=DFL
T;+liga;+tnum;+lnum;mapping=tex-text;"
(fontspec)             -  (ul/sc) with NFSS spec.: 
(fontspec)             - (ul/it) with NFSS spec.:
(fontspec)             <->s*[1]"[Lato-HairlineItalic.ttf]/OT:script=latn;langua
ge=DFLT;+liga;+tnum;+lnum;mapping=tex-text;"
(fontspec)             -  (ul/itsc) with NFSS spec.: 
(fontspec)             - (el/n) with NFSS spec.:
(fontspec)             <->s*[1]"[Lato-Thin.ttf]/OT:script=latn;language=DFLT;+l
iga;+tnum;+lnum;mapping=tex-text;"
(fontspec)             -  (el/sc) with NFSS spec.: 
(fontspec)             - (el/it) with NFSS spec.:
(fontspec)             <->s*[1]"[Lato-ThinItalic.ttf]/OT:script=latn;language=D
FLT;+liga;+tnum;+lnum;mapping=tex-text;"
(fontspec)             -  (el/itsc) with NFSS spec.: 
(fontspec)             - (l/n) with NFSS spec.:
(fontspec)             <->s*[1]"[Lato-Light.ttf]/OT:script=latn;language=DFLT;+
liga;+tnum;+lnum;mapping=tex-text;"
(fontspec)             -  (l/sc) with NFSS spec.: 
(fontspec)             - (l/it) with NFSS spec.:
(fontspec)             <->s*[1]"[Lato-LightItalic.ttf]/OT:script=latn;language=
DFLT;+liga;+tnum;+lnum;mapping=tex-text;"
(fontspec)             -  (l/itsc) with NFSS spec.: 
(fontspec)             - (mb/n) with NFSS spec.:
(fontspec)             <->s*[1]"[Lato-Medium.ttf]/OT:script=latn;language=DFLT;
+liga;+tnum;+lnum;mapping=tex-text;"
(fontspec)             -  (mb/sc) with NFSS spec.: 
(fontspec)             - (mb/it) with NFSS spec.:
(fontspec)             <->s*[1]"[Lato-MediumItalic.ttf]/OT:script=latn;language
=DFLT;+liga;+tnum;+lnum;mapping=tex-text;"
(fontspec)             -  (mb/itsc) with NFSS spec.: 
(fontspec)             - (sb/n) with NFSS spec.:
(fontspec)             <->s*[1]"[Lato-Semibold.ttf]/OT:script=latn;language=DFL
T;+liga;+tnum;+lnum;mapping=tex-text;"
(fontspec)             -  (sb/sc) with NFSS spec.: 
(fontspec)             - (sb/it) with NFSS spec.:
(fontspec)             <->s*[1]"[Lato-SemiboldItalic.ttf]/OT:script=latn;langua
ge=DFLT;+liga;+tnum;+lnum;mapping=tex-text;"
(fontspec)             -  (sb/itsc) with NFSS spec.: 
(fontspec)             - (b/n) with NFSS spec.:
(fontspec)             <->s*[1]"[Lato-Bold.ttf]/OT:script=latn;language=DFLT;+l
iga;+tnum;+lnum;mapping=tex-text;"
(fontspec)             -  (b/sc) with NFSS spec.: 
(fontspec)             - (b/it) with NFSS spec.:
(fontspec)             <->s*[1]"[Lato-BoldItalic.ttf]/OT:script=latn;language=D
FLT;+liga;+tnum;+lnum;mapping=tex-text;"
(fontspec)             -  (b/itsc) with NFSS spec.: 
(fontspec)             - (eb/n) with NFSS spec.:
(fontspec)             <->s*[1]"[Lato-Heavy.ttf]/OT:script=latn;language=DFLT;+
liga;+tnum;+lnum;mapping=tex-text;"
(fontspec)             -  (eb/sc) with NFSS spec.: 
(fontspec)             - (eb/it) with NFSS spec.:
(fontspec)             <->s*[1]"[Lato-HeavyItalic.ttf]/OT:script=latn;language=
DFLT;+liga;+tnum;+lnum;mapping=tex-text;"
(fontspec)             -  (eb/itsc) with NFSS spec.: 
(fontspec)             - (ub/n) with NFSS spec.:
(fontspec)             <->s*[1]"[Lato-Black.ttf]/OT:script=latn;language=DFLT;+
liga;+tnum;+lnum;mapping=tex-text;"
(fontspec)             -  (ub/sc) with NFSS spec.: 
(fontspec)             - (ub/it) with NFSS spec.:
(fontspec)             <->s*[1]"[Lato-BlackItalic.ttf]/OT:script=latn;language=
DFLT;+liga;+tnum;+lnum;mapping=tex-text;"
(fontspec)             -  (ub/itsc) with NFSS spec.: 
(fontspec)             - 'normal' (m/n) with NFSS spec.:
(fontspec)             <->s*[1]"[Lato-Regular.ttf]/OT:script=latn;language=DFLT
;+liga;+tnum;+lnum;mapping=tex-text;"
(fontspec)             - 'small caps'  (m/sc) with NFSS spec.: 
(fontspec)             - 'bold' (bx/n) with NFSS spec.:
(fontspec)             <->s*[1]"[Lato-Bold.ttf]/OT:script=latn;language=DFLT;+l
iga;+tnum;+lnum;mapping=tex-text;"
(fontspec)             - 'bold small caps'  (bx/sc) with NFSS spec.: 
(fontspec)             - 'italic' (m/it) with NFSS spec.:
(fontspec)             <->s*[1]"[Lato-Italic.ttf]/OT:script=latn;language=DFLT;
+liga;+tnum;+lnum;mapping=tex-text;"
(fontspec)             - 'italic small caps'  (m/itsc) with NFSS spec.: 
(fontspec)             - 'bold italic' (bx/it) with NFSS spec.:
(fontspec)             <->s*[1]"[Lato-BoldItalic.ttf]/OT:script=latn;language=D
FLT;+liga;+tnum;+lnum;mapping=tex-text;"
(fontspec)             - 'bold italic small caps'  (bx/itsc) with NFSS spec.: 

LaTeX Info: Redefining \rmfamily on input line 156.
LaTeX Font Info:    Font shape `TU/Lato(0)/m/n' will be
(Font)              scaled to size 10.0pt on input line 156.
Requested font "[Lato-Regular.ttf]/OT:script=latn;language=DFLT;+liga;+tnum;+ln
um;mapping=tex-text;" at 10.0pt
 -> /Users/carolinekinnen/Library/TinyTeX/texmf-dist/fonts/truetype/typoland/la
to/Lato-Regular.ttf
) (/Users/carolinekinnen/Library/TinyTeX/texmf-dist/tex/latex/base/fontenc.sty
Package: fontenc 2018/08/11 v2.0j Standard LaTeX package
(/Users/carolinekinnen/Library/TinyTeX/texmf-dist/tex/latex/base/t1enc.def
File: t1enc.def 2018/08/11 v2.0j Standard LaTeX file
LaTeX Font Info:    Redeclaring font encoding T1 on input line 48.
)
LaTeX Font Info:    Trying to load font information for T1+Lato(0) on input lin
e 105.
LaTeX Font Info:    No file T1Lato(0).fd. on input line 105.

LaTeX Font Warning: Font shape `T1/Lato(0)/m/n' undefined
(Font)              using `T1/cmr/m/n' instead on input line 105.

Requested font "ecrm1000" at 10.0pt
 -> /Users/carolinekinnen/Library/TinyTeX/texmf-dist/fonts/tfm/jknappen/ec/ecrm
1000.tfm
) (./19-20 IA 1 KAC Science 5.aux)
\openout1 = `"19-20 IA 1 KAC Science 5.aux"'.

LaTeX Font Info:    Checking defaults for OML/cmm/m/it on input line 94.
LaTeX Font Info:    ... okay on input line 94.
LaTeX Font Info:    Checking defaults for T1/cmr/m/n on input line 94.
LaTeX Font Info:    ... okay on input line 94.
LaTeX Font Info:    Checking defaults for OT1/cmr/m/n on input line 94.
LaTeX Font Info:    ... okay on input line 94.
LaTeX Font Info:    Checking defaults for OMS/cmsy/m/n on input line 94.
LaTeX Font Info:    ... okay on input line 94.
LaTeX Font Info:    Checking defaults for TU/lmr/m/n on input line 94.
LaTeX Font Info:    ... okay on input line 94.
LaTeX Font Info:    Checking defaults for OMX/cmex/m/n on input line 94.
LaTeX Font Info:    ... okay on input line 94.
LaTeX Font Info:    Checking defaults for U/cmr/m/n on input line 94.
LaTeX Font Info:    ... okay on input line 94.
LaTeX Font Info:    Checking defaults for TS1/cmr/m/n on input line 94.
LaTeX Font Info:    Trying to load font information for TS1+cmr on input line 9
4.
(/Users/carolinekinnen/Library/TinyTeX/texmf-dist/tex/latex/base/ts1cmr.fd
File: ts1cmr.fd 2014/09/29 v2.5h Standard LaTeX font definitions
)
LaTeX Font Info:    ... okay on input line 94.
LaTeX Font Info:    Checking defaults for PD1/pdf/m/n on input line 94.
LaTeX Font Info:    ... okay on input line 94.
LaTeX Font Info:    Checking defaults for PU/pdf/m/n on input line 94.
LaTeX Font Info:    ... okay on input line 94.
*geometry* driver: auto-detecting
*geometry* detected driver: xetex
*geometry* verbose mode - [ preamble ] result:
* driver: xetex
* paper: <default>
* layout: <same size as paper>
* layoutoffset:(h,v)=(0.0pt,0.0pt)
* modes: 
* h-part:(L,W,R)=(72.26999pt, 469.75502pt, 72.26999pt)
* v-part:(T,H,B)=(72.26999pt, 650.43001pt, 72.26999pt)
* \paperwidth=614.295pt
* \paperheight=794.96999pt
* \textwidth=469.75502pt
* \textheight=650.43001pt
* \oddsidemargin=0.0pt
* \evensidemargin=0.0pt
* \topmargin=-37.0pt
* \headheight=26.22636pt
* \headsep=25.0pt
* \topskip=10.0pt
* \footskip=30.0pt
* \marginparwidth=65.0pt
* \marginparsep=11.0pt
* \columnsep=10.0pt
* \skip\footins=9.0pt plus 4.0pt minus 2.0pt
* \hoffset=0.0pt
* \voffset=0.0pt
* \mag=1000
* \@twocolumnfalse
* \@twosidefalse
* \@mparswitchfalse
* \@reversemarginfalse
* (1in=72.27pt=25.4mm, 1cm=28.453pt)

\AtBeginShipoutBox=\box50
Package hyperref Info: Link coloring OFF on input line 94.

(/Users/carolinekinnen/Library/TinyTeX/texmf-dist/tex/latex/hyperref/nameref.st
y
Package: nameref 2019/09/16 v2.46 Cross-referencing by name of section

(/Users/carolinekinnen/Library/TinyTeX/texmf-dist/tex/generic/oberdiek/gettitle
string.sty
Package: gettitlestring 2016/05/16 v1.5 Cleanup title references (HO)
)
\c@section@level=\count291
)
LaTeX Info: Redefining \ref on input line 94.
LaTeX Info: Redefining \pageref on input line 94.
LaTeX Info: Redefining \nameref on input line 94.
(./19-20 IA 1 KAC Science 5.out) (./19-20 IA 1 KAC Science 5.out)
\@outlinefile=\write3
\openout3 = `"19-20 IA 1 KAC Science 5.out"'.

\c@mv@tabular=\count292
\c@mv@boldtabular=\count293
Requested font "ecrm2074" at 20.74pt
 -> /Users/carolinekinnen/Library/TinyTeX/texmf-dist/fonts/tfm/jknappen/ec/ecrm
2074.tfm
Requested font "ecrm1200" at 12.0pt
 -> /Users/carolinekinnen/Library/TinyTeX/texmf-dist/fonts/tfm/jknappen/ec/ecrm
1200.tfm

LaTeX Font Warning: Font shape `T1/Lato(0)/bx/n' undefined
(Font)              using `T1/Lato(0)/m/n' instead on input line 98.

LaTeX Font Info:    Trying to load font information for TS1+Lato(0) on input li
ne 108.
LaTeX Font Info:    No file TS1Lato(0).fd. on input line 108.

LaTeX Font Warning: Font shape `TS1/Lato(0)/m/n' undefined
(Font)              using `TS1/cmr/m/n' instead
(Font)              for symbol `textbullet' on input line 108.

Requested font "tcrm1000" at 10.0pt
 -> /Users/carolinekinnen/Library/TinyTeX/texmf-dist/fonts/tfm/jknappen/ec/tcrm
1000.tfm

Underfull \hbox (badness 10000) in paragraph at lines 113--115

 []


Underfull \hbox (badness 10000) in paragraph at lines 113--115

 []


Underfull \hbox (badness 10000) in paragraph at lines 117--121

 []

File: "/Users/carolinekinnen/Desktop/1920_ia/graphs/""overall-1".pdf Graphic fi
le (type pdf)
<use "/Users/carolinekinnen/Desktop/1920_ia/graphs/""overall-1".pdf>
File: "/Users/carolinekinnen/Desktop/1920_ia/graphs/""legend-1".pdf Graphic fil
e (type pdf)
<use "/Users/carolinekinnen/Desktop/1920_ia/graphs/""legend-1".pdf>
[1

]
File: "/Users/carolinekinnen/Desktop/1920_ia/graphs/""grade_level_view_data-1".
pdf Graphic file (type pdf)
<use "/Users/carolinekinnen/Desktop/1920_ia/graphs/""grade_level_view_data-1".p
df>

Underfull \hbox (badness 10000) in paragraph at lines 136--138

 []


Underfull \hbox (badness 10000) in paragraph at lines 136--138

 []

File: "/Users/carolinekinnen/Desktop/1920_ia/graphs/""standards_view-1".pdf Gra
phic file (type pdf)
<use "/Users/carolinekinnen/Desktop/1920_ia/graphs/""standards_view-1".pdf>
[2]
File: "/Users/carolinekinnen/Desktop/1920_ia/graphs/""not_yet_mastered-1".pdf G
raphic file (type pdf)
<use "/Users/carolinekinnen/Desktop/1920_ia/graphs/""not_yet_mastered-1".pdf>

Underfull \hbox (badness 10000) in paragraph at lines 156--163

 []

File: "/Users/carolinekinnen/Desktop/1920_ia/graphs/""mastered-1".pdf Graphic f
ile (type pdf)
<use "/Users/carolinekinnen/Desktop/1920_ia/graphs/""mastered-1".pdf>
[3]
File: "/Users/carolinekinnen/Desktop/1920_ia/graphs/""line_pct_correct-1".pdf G
raphic file (type pdf)
<use "/Users/carolinekinnen/Desktop/1920_ia/graphs/""line_pct_correct-1".pdf>
[4]
File: "/Users/carolinekinnen/Desktop/1920_ia/graphs/""homeroom_comparison-1".pd
f Graphic file (type pdf)
<use "/Users/carolinekinnen/Desktop/1920_ia/graphs/""homeroom_comparison-1".pdf
>
[5]
File: "/Users/carolinekinnen/Desktop/1920_ia/graphs/""unnamed-chunk-1-1".pdf Gr
aphic file (type pdf)
<use "/Users/carolinekinnen/Desktop/1920_ia/graphs/""unnamed-chunk-1-1".pdf>
[6]
File: "/Users/carolinekinnen/Desktop/1920_ia/graphs/""unnamed-chunk-1-2".pdf Gr
aphic file (type pdf)
<use "/Users/carolinekinnen/Desktop/1920_ia/graphs/""unnamed-chunk-1-2".pdf>
[7]
File: "/Users/carolinekinnen/Desktop/1920_ia/graphs/""unnamed-chunk-1-3".pdf Gr
aphic file (type pdf)
<use "/Users/carolinekinnen/Desktop/1920_ia/graphs/""unnamed-chunk-1-3".pdf>
[8]
File: "/Users/carolinekinnen/Desktop/1920_ia/graphs/""unnamed-chunk-3-1".pdf Gr
aphic file (type pdf)
<use "/Users/carolinekinnen/Desktop/1920_ia/graphs/""unnamed-chunk-3-1".pdf>
[9]
File: "/Users/carolinekinnen/Desktop/1920_ia/graphs/""unnamed-chunk-3-2".pdf Gr
aphic file (type pdf)
<use "/Users/carolinekinnen/Desktop/1920_ia/graphs/""unnamed-chunk-3-2".pdf>
[10]
File: "/Users/carolinekinnen/Desktop/1920_ia/graphs/""unnamed-chunk-3-3".pdf Gr
aphic file (type pdf)
<use "/Users/carolinekinnen/Desktop/1920_ia/graphs/""unnamed-chunk-3-3".pdf>
[11]
Package atveryend Info: Empty hook `BeforeClearDocument' on input line 221.
Package atveryend Info: Empty hook `AfterLastShipout' on input line 221.
(./19-20 IA 1 KAC Science 5.aux)
Package atveryend Info: Empty hook `AtVeryEndDocument' on input line 221.
Package atveryend Info: Executing hook `AtEndAfterFileList' on input line 221.
Package rerunfilecheck Info: File `"19-20 IA 1 KAC Science 5".out' has not chan
ged.
(rerunfilecheck)             Checksum: .

LaTeX Font Warning: Some font shapes were not available, defaults substituted.

 ) 
Here is how much of TeX's memory you used:
 24298 strings out of 494468
 463016 string characters out of 6170402
 581314 words of memory out of 5000000
 28433 multiletter control sequences out of 15000+600000
 535516 words of font info for 52 fonts, out of 8000000 for 9000
 14 hyphenation exceptions out of 8191
 59i,11n,120p,871b,429s stack positions out of 5000i,500n,10000p,200000b,80000s

Output written on 19-20 IA 1 KAC Science 5.pdf (11 pages).
